=== training beta=1 seed=0 ===
[beta=1.0 seed=0] epoch 0: train_loss=123.6 (recon 111.6, kl 12.08) val_loss=80.6  77.3s
[beta=1.0 seed=0] epoch 1: train_loss=82.7 (recon 69.3, kl 13.40) val_loss=77.2  2.6s
[beta=1.0 seed=0] epoch 2: train_loss=79.6 (recon 66.0, kl 13.65) val_loss=76.3  2.6s
[beta=1.0 seed=0] epoch 3: train_loss=78.0 (recon 64.4, kl 13.67) val_loss=71.5  2.5s
[beta=1.0 seed=0] epoch 4: train_loss=76.9 (recon 63.1, kl 13.74) val_loss=70.1  2.5s
[beta=1.0 seed=0] epoch 5: train_loss=76.3 (recon 62.5, kl 13.73) val_loss=70.1  2.5s
[beta=1.0 seed=0] epoch 6: train_loss=75.9 (recon 62.1, kl 13.73) val_loss=69.7  2.6s
[beta=1.0 seed=0] epoch 7: train_loss=75.4 (recon 61.6, kl 13.78) val_loss=69.7  2.5s
[beta=1.0 seed=0] epoch 8: train_loss=75.1 (recon 61.3, kl 13.79) val_loss=70.7  2.6s
[beta=1.0 seed=0] epoch 9: train_loss=74.7 (recon 60.9, kl 13.79) val_loss=68.4  2.6s
[beta=1.0 seed=0] epoch 10: train_loss=74.4 (recon 60.6, kl 13.81) val_loss=69.4  2.6s
[beta=1.0 seed=0] epoch 11: train_loss=74.2 (recon 60.4, kl 13.80) val_loss=69.0  2.6s
[beta=1.0 seed=0] epoch 12: train_loss=74.0 (recon 60.2, kl 13.80) val_loss=68.6  2.6s
[beta=1.0 seed=0] epoch 13: train_loss=73.7 (recon 59.9, kl 13.82) val_loss=67.8  2.5s
[beta=1.0 seed=0] epoch 14: train_loss=73.6 (recon 59.8, kl 13.82) val_loss=68.1  2.5s
[beta=1.0 seed=0] epoch 15: train_loss=73.5 (recon 59.7, kl 13.86) val_loss=67.8  2.5s
[beta=1.0 seed=0] epoch 16: train_loss=73.4 (recon 59.5, kl 13.85) val_loss=67.8  2.5s
[beta=1.0 seed=0] epoch 17: train_loss=73.2 (recon 59.4, kl 13.83) val_loss=68.0  2.5s
[beta=1.0 seed=0] epoch 18: train_loss=73.1 (recon 59.3, kl 13.82) val_loss=67.4  2.5s
[beta=1.0 seed=0] epoch 19: train_loss=73.0 (recon 59.2, kl 13.81) val_loss=69.6  2.5s
[beta=1.0 seed=0] epoch 20: train_loss=72.9 (recon 59.0, kl 13.84) val_loss=67.7  2.5s
[beta=1.0 seed=0] epoch 21: train_loss=72.7 (recon 58.8, kl 13.86) val_loss=67.7  2.6s
[beta=1.0 seed=0] epoch 22: train_loss=72.8 (recon 58.9, kl 13.86) val_loss=67.6  2.5s
[beta=1.0 seed=0] epoch 23: train_loss=72.5 (recon 58.7, kl 13.81) val_loss=66.9  2.5s
[beta=1.0 seed=0] epoch 24: train_loss=72.5 (recon 58.7, kl 13.87) val_loss=67.3  2.5s
[beta=1.0 seed=0] epoch 25: train_loss=72.3 (recon 58.5, kl 13.86) val_loss=66.9  2.5s
[beta=1.0 seed=0] epoch 26: train_loss=72.3 (recon 58.5, kl 13.85) val_loss=66.9  2.5s
[beta=1.0 seed=0] epoch 27: train_loss=72.2 (recon 58.4, kl 13.85) val_loss=66.7  2.5s
[beta=1.0 seed=0] epoch 28: train_loss=72.2 (recon 58.3, kl 13.85) val_loss=67.3  2.5s
[beta=1.0 seed=0] epoch 29: train_loss=72.0 (recon 58.2, kl 13.87) val_loss=67.3  2.5s
saved /workspace/fantasy_maps/results/checkpoints/beta1.0_seed0_64px.pt
=== training beta=1 seed=1 ===
[beta=1.0 seed=1] epoch 0: train_loss=112.7 (recon 101.4, kl 11.32) val_loss=79.4  77.3s
[beta=1.0 seed=1] epoch 1: train_loss=81.9 (recon 68.9, kl 12.96) val_loss=73.6  2.5s
[beta=1.0 seed=1] epoch 2: train_loss=78.7 (recon 65.4, kl 13.39) val_loss=73.1  2.5s
[beta=1.0 seed=1] epoch 3: train_loss=77.5 (recon 64.0, kl 13.52) val_loss=70.8  2.5s
[beta=1.0 seed=1] epoch 4: train_loss=76.6 (recon 62.9, kl 13.68) val_loss=70.2  2.5s
[beta=1.0 seed=1] epoch 5: train_loss=75.8 (recon 62.1, kl 13.67) val_loss=68.9  2.5s
[beta=1.0 seed=1] epoch 6: train_loss=75.4 (recon 61.7, kl 13.71) val_loss=69.9  2.5s
[beta=1.0 seed=1] epoch 7: train_loss=75.0 (recon 61.3, kl 13.69) val_loss=69.0  2.4s
[beta=1.0 seed=1] epoch 8: train_loss=74.7 (recon 60.9, kl 13.78) val_loss=68.8  2.5s
[beta=1.0 seed=1] epoch 9: train_loss=74.5 (recon 60.7, kl 13.74) val_loss=68.6  2.6s
[beta=1.0 seed=1] epoch 10: train_loss=74.2 (recon 60.4, kl 13.75) val_loss=68.4  2.5s
[beta=1.0 seed=1] epoch 11: train_loss=73.9 (recon 60.2, kl 13.74) val_loss=68.5  2.5s
[beta=1.0 seed=1] epoch 12: train_loss=73.7 (recon 59.9, kl 13.80) val_loss=68.0  2.5s
[beta=1.0 seed=1] epoch 13: train_loss=73.7 (recon 59.9, kl 13.78) val_loss=68.3  2.5s
[beta=1.0 seed=1] epoch 14: train_loss=73.5 (recon 59.7, kl 13.78) val_loss=67.7  2.5s
[beta=1.0 seed=1] epoch 15: train_loss=73.4 (recon 59.6, kl 13.76) val_loss=67.6  2.4s
[beta=1.0 seed=1] epoch 16: train_loss=73.2 (recon 59.4, kl 13.79) val_loss=67.6  2.5s
[beta=1.0 seed=1] epoch 17: train_loss=73.1 (recon 59.3, kl 13.76) val_loss=68.2  2.5s
[beta=1.0 seed=1] epoch 18: train_loss=73.0 (recon 59.2, kl 13.80) val_loss=67.9  2.5s
[beta=1.0 seed=1] epoch 19: train_loss=72.9 (recon 59.1, kl 13.81) val_loss=68.0  2.5s
[beta=1.0 seed=1] epoch 20: train_loss=72.8 (recon 59.0, kl 13.80) val_loss=67.1  2.4s
[beta=1.0 seed=1] epoch 21: train_loss=72.5 (recon 58.8, kl 13.77) val_loss=67.3  2.4s
[beta=1.0 seed=1] epoch 22: train_loss=72.5 (recon 58.7, kl 13.81) val_loss=67.7  2.5s
[beta=1.0 seed=1] epoch 23: train_loss=72.4 (recon 58.6, kl 13.80) val_loss=67.2  2.5s
[beta=1.0 seed=1] epoch 24: train_loss=72.4 (recon 58.6, kl 13.80) val_loss=67.3  2.5s
[beta=1.0 seed=1] epoch 25: train_loss=72.3 (recon 58.5, kl 13.80) val_loss=67.4  2.4s
[beta=1.0 seed=1] epoch 26: train_loss=72.3 (recon 58.5, kl 13.81) val_loss=66.7  2.5s
[beta=1.0 seed=1] epoch 27: train_loss=72.1 (recon 58.3, kl 13.80) val_loss=67.5  2.5s
[beta=1.0 seed=1] epoch 28: train_loss=72.2 (recon 58.4, kl 13.83) val_loss=66.9  2.5s
[beta=1.0 seed=1] epoch 29: train_loss=72.0 (recon 58.1, kl 13.83) val_loss=66.7  2.5s
saved /workspace/fantasy_maps/results/checkpoints/beta1.0_seed1_64px.pt
=== training beta=1 seed=2 ===
[beta=1.0 seed=2] epoch 0: train_loss=127.1 (recon 115.1, kl 12.06) val_loss=82.1  77.2s
[beta=1.0 seed=2] epoch 1: train_loss=84.0 (recon 70.8, kl 13.22) val_loss=76.1  2.5s
[beta=1.0 seed=2] epoch 2: train_loss=80.5 (recon 66.9, kl 13.57) val_loss=73.8  2.5s
[beta=1.0 seed=2] epoch 3: train_loss=78.7 (recon 65.0, kl 13.74) val_loss=71.8  2.4s
[beta=1.0 seed=2] epoch 4: train_loss=77.6 (recon 63.9, kl 13.75) val_loss=71.0  2.4s
[beta=1.0 seed=2] epoch 5: train_loss=76.7 (recon 62.9, kl 13.79) val_loss=70.8  2.4s
[beta=1.0 seed=2] epoch 6: train_loss=76.3 (recon 62.6, kl 13.72) val_loss=70.4  2.5s
[beta=1.0 seed=2] epoch 7: train_loss=75.8 (recon 62.1, kl 13.74) val_loss=69.1  2.5s
[beta=1.0 seed=2] epoch 8: train_loss=75.4 (recon 61.7, kl 13.72) val_loss=70.0  2.5s
[beta=1.0 seed=2] epoch 9: train_loss=75.0 (recon 61.3, kl 13.72) val_loss=68.9  2.5s
[beta=1.0 seed=2] epoch 10: train_loss=74.8 (recon 61.0, kl 13.78) val_loss=69.5  2.4s
[beta=1.0 seed=2] epoch 11: train_loss=74.6 (recon 60.9, kl 13.74) val_loss=69.7  2.4s
[beta=1.0 seed=2] epoch 12: train_loss=74.2 (recon 60.5, kl 13.75) val_loss=68.7  2.5s
[beta=1.0 seed=2] epoch 13: train_loss=74.0 (recon 60.2, kl 13.78) val_loss=67.4  2.5s
[beta=1.0 seed=2] epoch 14: train_loss=73.9 (recon 60.1, kl 13.75) val_loss=68.5  2.5s
[beta=1.0 seed=2] epoch 15: train_loss=73.7 (recon 59.9, kl 13.80) val_loss=68.3  2.5s
[beta=1.0 seed=2] epoch 16: train_loss=73.6 (recon 59.8, kl 13.85) val_loss=68.5  2.5s
[beta=1.0 seed=2] epoch 17: train_loss=73.4 (recon 59.6, kl 13.85) val_loss=67.6  2.5s
[beta=1.0 seed=2] epoch 18: train_loss=73.3 (recon 59.5, kl 13.83) val_loss=67.8  2.4s
[beta=1.0 seed=2] epoch 19: train_loss=73.1 (recon 59.2, kl 13.83) val_loss=67.3  2.5s
[beta=1.0 seed=2] epoch 20: train_loss=73.0 (recon 59.1, kl 13.81) val_loss=68.3  2.5s
[beta=1.0 seed=2] epoch 21: train_loss=72.8 (recon 59.0, kl 13.85) val_loss=67.0  2.4s
[beta=1.0 seed=2] epoch 22: train_loss=72.7 (recon 58.9, kl 13.87) val_loss=67.6  2.5s
[beta=1.0 seed=2] epoch 23: train_loss=72.7 (recon 58.8, kl 13.85) val_loss=67.4  2.5s
[beta=1.0 seed=2] epoch 24: train_loss=72.7 (recon 58.8, kl 13.86) val_loss=67.7  2.4s
[beta=1.0 seed=2] epoch 25: train_loss=72.5 (recon 58.7, kl 13.83) val_loss=67.6  2.4s
[beta=1.0 seed=2] epoch 26: train_loss=72.4 (recon 58.5, kl 13.87) val_loss=67.2  2.5s
[beta=1.0 seed=2] epoch 27: train_loss=72.3 (recon 58.5, kl 13.87) val_loss=66.9  2.5s
[beta=1.0 seed=2] epoch 28: train_loss=72.2 (recon 58.4, kl 13.82) val_loss=67.0  2.4s
[beta=1.0 seed=2] epoch 29: train_loss=72.1 (recon 58.2, kl 13.87) val_loss=67.1  2.5s
saved /workspace/fantasy_maps/results/checkpoints/beta1.0_seed2_64px.pt
=== training beta=2 seed=0 ===
[beta=2.0 seed=0] epoch 0: train_loss=133.6 (recon 119.1, kl 7.22) val_loss=89.6  77.0s
[beta=2.0 seed=0] epoch 1: train_loss=93.7 (recon 77.9, kl 7.89) val_loss=86.1  2.4s
[beta=2.0 seed=0] epoch 2: train_loss=90.5 (recon 74.4, kl 8.03) val_loss=84.7  2.3s
[beta=2.0 seed=0] epoch 3: train_loss=89.0 (recon 72.8, kl 8.10) val_loss=80.2  2.2s
[beta=2.0 seed=0] epoch 4: train_loss=88.0 (recon 71.7, kl 8.12) val_loss=81.1  2.5s
[beta=2.0 seed=0] epoch 5: train_loss=87.2 (recon 70.9, kl 8.13) val_loss=79.9  2.5s
[beta=2.0 seed=0] epoch 6: train_loss=86.7 (recon 70.5, kl 8.10) val_loss=78.8  2.5s
[beta=2.0 seed=0] epoch 7: train_loss=86.3 (recon 70.0, kl 8.13) val_loss=79.1  2.5s
[beta=2.0 seed=0] epoch 8: train_loss=86.0 (recon 69.7, kl 8.15) val_loss=79.7  2.5s
[beta=2.0 seed=0] epoch 9: train_loss=85.6 (recon 69.4, kl 8.11) val_loss=77.8  2.5s
[beta=2.0 seed=0] epoch 10: train_loss=85.4 (recon 69.1, kl 8.15) val_loss=77.6  2.4s
[beta=2.0 seed=0] epoch 11: train_loss=85.2 (recon 69.0, kl 8.11) val_loss=78.5  2.3s
[beta=2.0 seed=0] epoch 12: train_loss=85.0 (recon 68.7, kl 8.13) val_loss=78.1  2.5s
[beta=2.0 seed=0] epoch 13: train_loss=84.7 (recon 68.4, kl 8.14) val_loss=77.9  2.5s
[beta=2.0 seed=0] epoch 14: train_loss=84.6 (recon 68.3, kl 8.15) val_loss=77.9  2.5s
[beta=2.0 seed=0] epoch 15: train_loss=84.4 (recon 68.1, kl 8.14) val_loss=77.7  2.5s
[beta=2.0 seed=0] epoch 16: train_loss=84.2 (recon 68.0, kl 8.13) val_loss=77.2  2.5s
[beta=2.0 seed=0] epoch 17: train_loss=84.1 (recon 67.8, kl 8.14) val_loss=77.6  2.5s
[beta=2.0 seed=0] epoch 18: train_loss=84.0 (recon 67.7, kl 8.15) val_loss=76.3  2.5s
[beta=2.0 seed=0] epoch 19: train_loss=83.8 (recon 67.5, kl 8.14) val_loss=76.0  2.5s
[beta=2.0 seed=0] epoch 20: train_loss=83.8 (recon 67.4, kl 8.18) val_loss=76.5  2.5s
[beta=2.0 seed=0] epoch 21: train_loss=83.7 (recon 67.4, kl 8.16) val_loss=76.5  2.5s
[beta=2.0 seed=0] epoch 22: train_loss=83.6 (recon 67.3, kl 8.15) val_loss=77.0  2.5s
[beta=2.0 seed=0] epoch 23: train_loss=83.4 (recon 67.1, kl 8.13) val_loss=76.1  2.2s
[beta=2.0 seed=0] epoch 24: train_loss=83.3 (recon 67.1, kl 8.14) val_loss=76.1  2.3s
[beta=2.0 seed=0] epoch 25: train_loss=83.2 (recon 66.9, kl 8.14) val_loss=76.1  2.5s
[beta=2.0 seed=0] epoch 26: train_loss=83.2 (recon 66.9, kl 8.16) val_loss=75.8  2.5s
[beta=2.0 seed=0] epoch 27: train_loss=83.1 (recon 66.8, kl 8.15) val_loss=75.9  2.5s
[beta=2.0 seed=0] epoch 28: train_loss=83.0 (recon 66.7, kl 8.14) val_loss=76.5  2.5s
[beta=2.0 seed=0] epoch 29: train_loss=82.9 (recon 66.7, kl 8.14) val_loss=76.4  2.5s
saved /workspace/fantasy_maps/results/checkpoints/beta2.0_seed0_64px.pt
=== training beta=2 seed=1 ===
[beta=2.0 seed=1] epoch 0: train_loss=122.2 (recon 108.2, kl 6.99) val_loss=88.3  77.2s
[beta=2.0 seed=1] epoch 1: train_loss=92.5 (recon 77.1, kl 7.70) val_loss=82.7  2.2s
[beta=2.0 seed=1] epoch 2: train_loss=89.7 (recon 74.0, kl 7.89) val_loss=81.8  2.1s
[beta=2.0 seed=1] epoch 3: train_loss=88.4 (recon 72.4, kl 8.02) val_loss=80.9  2.5s
[beta=2.0 seed=1] epoch 4: train_loss=87.6 (recon 71.5, kl 8.04) val_loss=79.5  2.4s
[beta=2.0 seed=1] epoch 5: train_loss=86.8 (recon 70.6, kl 8.07) val_loss=77.6  2.5s
[beta=2.0 seed=1] epoch 6: train_loss=86.5 (recon 70.3, kl 8.11) val_loss=78.5  2.4s
[beta=2.0 seed=1] epoch 7: train_loss=86.0 (recon 69.8, kl 8.10) val_loss=78.4  2.5s
[beta=2.0 seed=1] epoch 8: train_loss=85.7 (recon 69.5, kl 8.12) val_loss=78.5  2.5s
[beta=2.0 seed=1] epoch 9: train_loss=85.4 (recon 69.2, kl 8.11) val_loss=78.5  2.5s
[beta=2.0 seed=1] epoch 10: train_loss=85.1 (recon 68.9, kl 8.13) val_loss=77.8  2.3s
[beta=2.0 seed=1] epoch 11: train_loss=84.9 (recon 68.6, kl 8.16) val_loss=77.6  2.4s
[beta=2.0 seed=1] epoch 12: train_loss=84.6 (recon 68.3, kl 8.17) val_loss=77.5  2.4s
[beta=2.0 seed=1] epoch 13: train_loss=84.7 (recon 68.3, kl 8.18) val_loss=77.9  2.5s
[beta=2.0 seed=1] epoch 14: train_loss=84.5 (recon 68.2, kl 8.16) val_loss=77.6  2.5s
[beta=2.0 seed=1] epoch 15: train_loss=84.2 (recon 68.0, kl 8.13) val_loss=76.9  2.5s
[beta=2.0 seed=1] epoch 16: train_loss=84.2 (recon 67.8, kl 8.17) val_loss=76.8  2.5s
[beta=2.0 seed=1] epoch 17: train_loss=84.0 (recon 67.8, kl 8.14) val_loss=76.7  2.5s
[beta=2.0 seed=1] epoch 18: train_loss=83.8 (recon 67.5, kl 8.17) val_loss=77.1  2.5s
[beta=2.0 seed=1] epoch 19: train_loss=83.8 (recon 67.5, kl 8.17) val_loss=76.8  2.5s
[beta=2.0 seed=1] epoch 20: train_loss=83.6 (recon 67.3, kl 8.16) val_loss=76.5  2.4s
[beta=2.0 seed=1] epoch 21: train_loss=83.4 (recon 67.2, kl 8.12) val_loss=76.8  2.4s
[beta=2.0 seed=1] epoch 22: train_loss=83.5 (recon 67.2, kl 8.16) val_loss=76.6  2.4s
[beta=2.0 seed=1] epoch 23: train_loss=83.3 (recon 67.1, kl 8.15) val_loss=76.9  2.5s
[beta=2.0 seed=1] epoch 24: train_loss=83.2 (recon 67.0, kl 8.13) val_loss=76.1  2.5s
[beta=2.0 seed=1] epoch 25: train_loss=83.2 (recon 66.9, kl 8.15) val_loss=76.8  2.5s
[beta=2.0 seed=1] epoch 26: train_loss=83.3 (recon 67.0, kl 8.13) val_loss=76.4  2.5s
[beta=2.0 seed=1] epoch 27: train_loss=83.0 (recon 66.7, kl 8.13) val_loss=76.9  2.5s
[beta=2.0 seed=1] epoch 28: train_loss=83.1 (recon 66.8, kl 8.14) val_loss=75.9  2.5s
[beta=2.0 seed=1] epoch 29: train_loss=82.9 (recon 66.6, kl 8.15) val_loss=75.6  2.5s
saved /workspace/fantasy_maps/results/checkpoints/beta2.0_seed1_64px.pt
=== training beta=2 seed=2 ===
[beta=2.0 seed=2] epoch 0: train_loss=137.1 (recon 121.5, kl 7.82) val_loss=90.1  77.2s
[beta=2.0 seed=2] epoch 1: train_loss=94.3 (recon 79.0, kl 7.66) val_loss=85.3  2.4s
[beta=2.0 seed=2] epoch 2: train_loss=91.3 (recon 75.4, kl 7.94) val_loss=83.0  2.4s
[beta=2.0 seed=2] epoch 3: train_loss=89.6 (recon 73.6, kl 7.99) val_loss=80.6  2.4s
[beta=2.0 seed=2] epoch 4: train_loss=88.3 (recon 72.2, kl 8.03) val_loss=80.7  2.4s
[beta=2.0 seed=2] epoch 5: train_loss=87.6 (recon 71.5, kl 8.05) val_loss=81.1  2.4s
[beta=2.0 seed=2] epoch 6: train_loss=87.1 (recon 71.0, kl 8.07) val_loss=78.8  2.4s
[beta=2.0 seed=2] epoch 7: train_loss=86.6 (recon 70.5, kl 8.06) val_loss=78.2  2.4s
[beta=2.0 seed=2] epoch 8: train_loss=86.2 (recon 70.1, kl 8.06) val_loss=77.5  2.4s
[beta=2.0 seed=2] epoch 9: train_loss=85.8 (recon 69.7, kl 8.08) val_loss=78.6  2.5s
[beta=2.0 seed=2] epoch 10: train_loss=85.7 (recon 69.5, kl 8.11) val_loss=78.4  2.4s
[beta=2.0 seed=2] epoch 11: train_loss=85.3 (recon 69.1, kl 8.09) val_loss=77.4  2.4s
[beta=2.0 seed=2] epoch 12: train_loss=84.9 (recon 68.8, kl 8.09) val_loss=77.5  2.4s
[beta=2.0 seed=2] epoch 13: train_loss=84.8 (recon 68.6, kl 8.10) val_loss=77.0  2.4s
[beta=2.0 seed=2] epoch 14: train_loss=84.6 (recon 68.4, kl 8.09) val_loss=77.5  2.4s
[beta=2.0 seed=2] epoch 15: train_loss=84.4 (recon 68.3, kl 8.07) val_loss=77.2  2.4s
[beta=2.0 seed=2] epoch 16: train_loss=84.4 (recon 68.2, kl 8.11) val_loss=78.7  2.4s
[beta=2.0 seed=2] epoch 17: train_loss=84.0 (recon 67.9, kl 8.10) val_loss=77.0  2.4s
[beta=2.0 seed=2] epoch 18: train_loss=84.1 (recon 67.8, kl 8.11) val_loss=76.2  2.4s
[beta=2.0 seed=2] epoch 19: train_loss=83.9 (recon 67.7, kl 8.11) val_loss=76.1  2.4s
[beta=2.0 seed=2] epoch 20: train_loss=83.7 (recon 67.5, kl 8.09) val_loss=77.2  2.4s
[beta=2.0 seed=2] epoch 21: train_loss=83.6 (recon 67.4, kl 8.11) val_loss=76.6  2.4s
[beta=2.0 seed=2] epoch 22: train_loss=83.6 (recon 67.3, kl 8.15) val_loss=76.2  2.4s
[beta=2.0 seed=2] epoch 23: train_loss=83.5 (recon 67.2, kl 8.11) val_loss=76.8  2.5s
[beta=2.0 seed=2] epoch 24: train_loss=83.3 (recon 67.1, kl 8.09) val_loss=76.6  2.4s
[beta=2.0 seed=2] epoch 25: train_loss=83.2 (recon 67.0, kl 8.09) val_loss=76.5  2.4s
[beta=2.0 seed=2] epoch 26: train_loss=83.1 (recon 66.9, kl 8.13) val_loss=76.6  2.4s
[beta=2.0 seed=2] epoch 27: train_loss=83.1 (recon 66.8, kl 8.15) val_loss=76.2  2.4s
[beta=2.0 seed=2] epoch 28: train_loss=83.0 (recon 66.8, kl 8.11) val_loss=76.7  2.4s
[beta=2.0 seed=2] epoch 29: train_loss=82.8 (recon 66.6, kl 8.13) val_loss=75.8  2.4s
saved /workspace/fantasy_maps/results/checkpoints/beta2.0_seed2_64px.pt
=== training beta=4 seed=0 ===
[beta=4.0 seed=0] epoch 0: train_loss=146.4 (recon 129.6, kl 4.18) val_loss=104.2  77.2s
[beta=4.0 seed=0] epoch 1: train_loss=105.6 (recon 88.3, kl 4.32) val_loss=97.1  2.6s
[beta=4.0 seed=0] epoch 2: train_loss=102.3 (recon 84.6, kl 4.43) val_loss=94.0  2.5s
[beta=4.0 seed=0] epoch 3: train_loss=100.9 (recon 83.1, kl 4.46) val_loss=92.0  2.5s
[beta=4.0 seed=0] epoch 4: train_loss=99.8 (recon 82.0, kl 4.44) val_loss=91.2  2.5s
[beta=4.0 seed=0] epoch 5: train_loss=99.1 (recon 81.3, kl 4.44) val_loss=91.1  2.5s
[beta=4.0 seed=0] epoch 6: train_loss=98.6 (recon 80.9, kl 4.43) val_loss=89.7  2.5s
[beta=4.0 seed=0] epoch 7: train_loss=98.0 (recon 80.4, kl 4.40) val_loss=90.5  2.5s
[beta=4.0 seed=0] epoch 8: train_loss=98.0 (recon 80.3, kl 4.41) val_loss=89.6  2.5s
[beta=4.0 seed=0] epoch 9: train_loss=97.3 (recon 79.8, kl 4.38) val_loss=88.6  2.5s
[beta=4.0 seed=0] epoch 10: train_loss=97.2 (recon 79.7, kl 4.38) val_loss=89.1  2.5s
[beta=4.0 seed=0] epoch 11: train_loss=96.9 (recon 79.4, kl 4.37) val_loss=89.4  2.5s
[beta=4.0 seed=0] epoch 12: train_loss=96.7 (recon 79.2, kl 4.37) val_loss=89.6  2.5s
[beta=4.0 seed=0] epoch 13: train_loss=96.3 (recon 78.9, kl 4.37) val_loss=89.1  2.5s
[beta=4.0 seed=0] epoch 14: train_loss=96.3 (recon 78.8, kl 4.37) val_loss=88.1  2.5s
[beta=4.0 seed=0] epoch 15: train_loss=96.1 (recon 78.6, kl 4.37) val_loss=87.4  2.5s
[beta=4.0 seed=0] epoch 16: train_loss=96.0 (recon 78.5, kl 4.36) val_loss=88.5  2.5s
[beta=4.0 seed=0] epoch 17: train_loss=95.8 (recon 78.3, kl 4.37) val_loss=89.0  2.5s
[beta=4.0 seed=0] epoch 18: train_loss=95.7 (recon 78.2, kl 4.38) val_loss=87.7  2.4s
[beta=4.0 seed=0] epoch 19: train_loss=95.5 (recon 78.1, kl 4.37) val_loss=87.5  2.4s
[beta=4.0 seed=0] epoch 20: train_loss=95.4 (recon 77.9, kl 4.37) val_loss=87.4  2.5s
[beta=4.0 seed=0] epoch 21: train_loss=95.4 (recon 77.8, kl 4.38) val_loss=87.9  2.5s
[beta=4.0 seed=0] epoch 22: train_loss=95.4 (recon 77.8, kl 4.39) val_loss=88.1  2.5s
[beta=4.0 seed=0] epoch 23: train_loss=95.3 (recon 77.7, kl 4.39) val_loss=87.7  2.5s
[beta=4.0 seed=0] epoch 24: train_loss=95.0 (recon 77.5, kl 4.38) val_loss=87.5  2.5s
[beta=4.0 seed=0] epoch 25: train_loss=95.0 (recon 77.4, kl 4.39) val_loss=87.6  2.5s
[beta=4.0 seed=0] epoch 26: train_loss=95.0 (recon 77.4, kl 4.40) val_loss=86.7  2.5s
[beta=4.0 seed=0] epoch 27: train_loss=94.8 (recon 77.3, kl 4.38) val_loss=87.7  2.5s
[beta=4.0 seed=0] epoch 28: train_loss=94.7 (recon 77.1, kl 4.41) val_loss=86.9  2.5s
[beta=4.0 seed=0] epoch 29: train_loss=94.6 (recon 77.0, kl 4.40) val_loss=87.5  2.5s
saved /workspace/fantasy_maps/results/checkpoints/beta4.0_seed0_64px.pt
=== training beta=4 seed=1 ===
[beta=4.0 seed=1] epoch 0: train_loss=135.7 (recon 119.4, kl 4.09) val_loss=100.2  77.1s
[beta=4.0 seed=1] epoch 1: train_loss=104.8 (recon 87.2, kl 4.39) val_loss=93.6  2.4s
[beta=4.0 seed=1] epoch 2: train_loss=102.0 (recon 84.1, kl 4.47) val_loss=93.6  2.4s
[beta=4.0 seed=1] epoch 3: train_loss=100.5 (recon 82.8, kl 4.44) val_loss=92.5  2.4s
[beta=4.0 seed=1] epoch 4: train_loss=99.8 (recon 81.9, kl 4.47) val_loss=90.2  2.4s
[beta=4.0 seed=1] epoch 5: train_loss=98.8 (recon 81.1, kl 4.43) val_loss=89.3  2.4s
[beta=4.0 seed=1] epoch 6: train_loss=98.3 (recon 80.7, kl 4.41) val_loss=90.3  2.4s
[beta=4.0 seed=1] epoch 7: train_loss=97.9 (recon 80.3, kl 4.39) val_loss=90.0  2.4s
[beta=4.0 seed=1] epoch 8: train_loss=97.6 (recon 80.0, kl 4.40) val_loss=89.7  2.4s
[beta=4.0 seed=1] epoch 9: train_loss=97.2 (recon 79.8, kl 4.36) val_loss=89.0  2.4s
[beta=4.0 seed=1] epoch 10: train_loss=97.0 (recon 79.4, kl 4.39) val_loss=88.4  2.5s
[beta=4.0 seed=1] epoch 11: train_loss=96.6 (recon 79.2, kl 4.37) val_loss=88.6  2.4s
[beta=4.0 seed=1] epoch 12: train_loss=96.5 (recon 79.0, kl 4.38) val_loss=88.5  2.4s
[beta=4.0 seed=1] epoch 13: train_loss=96.4 (recon 78.8, kl 4.40) val_loss=88.7  2.4s
[beta=4.0 seed=1] epoch 14: train_loss=96.2 (recon 78.7, kl 4.38) val_loss=88.4  2.4s
[beta=4.0 seed=1] epoch 15: train_loss=96.0 (recon 78.5, kl 4.37) val_loss=87.8  2.4s
[beta=4.0 seed=1] epoch 16: train_loss=96.0 (recon 78.4, kl 4.39) val_loss=88.5  2.4s
[beta=4.0 seed=1] epoch 17: train_loss=95.7 (recon 78.2, kl 4.37) val_loss=88.8  2.5s
[beta=4.0 seed=1] epoch 18: train_loss=95.7 (recon 78.1, kl 4.41) val_loss=89.3  2.5s
[beta=4.0 seed=1] epoch 19: train_loss=95.5 (recon 77.9, kl 4.40) val_loss=88.9  2.4s
[beta=4.0 seed=1] epoch 20: train_loss=95.2 (recon 77.7, kl 4.37) val_loss=87.5  2.4s
[beta=4.0 seed=1] epoch 21: train_loss=95.1 (recon 77.7, kl 4.37) val_loss=87.6  2.5s
[beta=4.0 seed=1] epoch 22: train_loss=95.2 (recon 77.7, kl 4.38) val_loss=87.9  2.5s
[beta=4.0 seed=1] epoch 23: train_loss=95.1 (recon 77.5, kl 4.40) val_loss=88.2  2.5s
[beta=4.0 seed=1] epoch 24: train_loss=94.9 (recon 77.5, kl 4.36) val_loss=87.7  2.5s
[beta=4.0 seed=1] epoch 25: train_loss=94.9 (recon 77.3, kl 4.40) val_loss=87.3  2.5s
[beta=4.0 seed=1] epoch 26: train_loss=95.0 (recon 77.5, kl 4.37) val_loss=87.5  2.5s
[beta=4.0 seed=1] epoch 27: train_loss=94.8 (recon 77.2, kl 4.39) val_loss=87.2  2.5s
[beta=4.0 seed=1] epoch 28: train_loss=94.9 (recon 77.2, kl 4.41) val_loss=88.1  2.5s
[beta=4.0 seed=1] epoch 29: train_loss=94.7 (recon 77.1, kl 4.41) val_loss=86.7  2.5s
saved /workspace/fantasy_maps/results/checkpoints/beta4.0_seed1_64px.pt
=== training beta=4 seed=2 ===
[beta=4.0 seed=2] epoch 0: train_loss=147.8 (recon 130.1, kl 4.44) val_loss=99.7  77.1s
[beta=4.0 seed=2] epoch 1: train_loss=106.4 (recon 88.7, kl 4.43) val_loss=97.5  2.5s
[beta=4.0 seed=2] epoch 2: train_loss=103.0 (recon 85.1, kl 4.46) val_loss=92.9  2.5s
[beta=4.0 seed=2] epoch 3: train_loss=101.1 (recon 83.2, kl 4.48) val_loss=90.9  2.5s
[beta=4.0 seed=2] epoch 4: train_loss=100.1 (recon 82.2, kl 4.46) val_loss=92.8  2.4s
[beta=4.0 seed=2] epoch 5: train_loss=99.3 (recon 81.6, kl 4.44) val_loss=90.6  2.5s
[beta=4.0 seed=2] epoch 6: train_loss=98.7 (recon 81.1, kl 4.40) val_loss=91.1  2.4s
[beta=4.0 seed=2] epoch 7: train_loss=98.3 (recon 80.8, kl 4.38) val_loss=89.7  2.4s
[beta=4.0 seed=2] epoch 8: train_loss=97.8 (recon 80.4, kl 4.36) val_loss=88.4  2.4s
[beta=4.0 seed=2] epoch 9: train_loss=97.4 (recon 79.9, kl 4.37) val_loss=89.6  2.4s
[beta=4.0 seed=2] epoch 10: train_loss=97.2 (recon 79.7, kl 4.36) val_loss=88.9  2.4s
[beta=4.0 seed=2] epoch 11: train_loss=96.9 (recon 79.4, kl 4.37) val_loss=89.9  2.4s
[beta=4.0 seed=2] epoch 12: train_loss=96.5 (recon 79.2, kl 4.32) val_loss=88.8  2.4s
[beta=4.0 seed=2] epoch 13: train_loss=96.4 (recon 79.0, kl 4.36) val_loss=88.7  2.4s
[beta=4.0 seed=2] epoch 14: train_loss=96.2 (recon 78.8, kl 4.35) val_loss=88.5  2.4s
[beta=4.0 seed=2] epoch 15: train_loss=95.9 (recon 78.5, kl 4.34) val_loss=87.9  2.5s
[beta=4.0 seed=2] epoch 16: train_loss=96.0 (recon 78.6, kl 4.35) val_loss=88.5  2.4s
[beta=4.0 seed=2] epoch 17: train_loss=95.7 (recon 78.3, kl 4.35) val_loss=87.6  2.4s
[beta=4.0 seed=2] epoch 18: train_loss=95.6 (recon 78.2, kl 4.36) val_loss=88.6  2.4s
[beta=4.0 seed=2] epoch 19: train_loss=95.4 (recon 77.9, kl 4.37) val_loss=86.8  2.4s
[beta=4.0 seed=2] epoch 20: train_loss=95.1 (recon 77.7, kl 4.35) val_loss=87.9  2.5s
[beta=4.0 seed=2] epoch 21: train_loss=95.2 (recon 77.8, kl 4.36) val_loss=87.7  2.4s
[beta=4.0 seed=2] epoch 22: train_loss=95.1 (recon 77.6, kl 4.38) val_loss=88.7  2.5s
[beta=4.0 seed=2] epoch 23: train_loss=95.0 (recon 77.6, kl 4.36) val_loss=87.6  2.5s
[beta=4.0 seed=2] epoch 24: train_loss=94.9 (recon 77.5, kl 4.36) val_loss=87.1  2.4s
[beta=4.0 seed=2] epoch 25: train_loss=94.8 (recon 77.4, kl 4.36) val_loss=86.9  2.4s
[beta=4.0 seed=2] epoch 26: train_loss=94.9 (recon 77.3, kl 4.39) val_loss=88.7  2.4s
[beta=4.0 seed=2] epoch 27: train_loss=94.6 (recon 77.1, kl 4.39) val_loss=87.3  2.4s
[beta=4.0 seed=2] epoch 28: train_loss=94.6 (recon 77.0, kl 4.38) val_loss=87.3  2.5s
[beta=4.0 seed=2] epoch 29: train_loss=94.5 (recon 77.0, kl 4.37) val_loss=87.5  2.5s
saved /workspace/fantasy_maps/results/checkpoints/beta4.0_seed2_64px.pt
=== training beta=8 seed=0 ===
[beta=8.0 seed=0] epoch 0: train_loss=161.8 (recon 142.2, kl 2.44) val_loss=115.5  77.1s
[beta=8.0 seed=0] epoch 1: train_loss=119.3 (recon 100.6, kl 2.33) val_loss=112.1  2.4s
[beta=8.0 seed=0] epoch 2: train_loss=115.9 (recon 97.2, kl 2.35) val_loss=106.7  2.4s
[beta=8.0 seed=0] epoch 3: train_loss=114.4 (recon 95.4, kl 2.37) val_loss=104.2  2.4s
[beta=8.0 seed=0] epoch 4: train_loss=113.1 (recon 94.1, kl 2.38) val_loss=103.6  2.4s
[beta=8.0 seed=0] epoch 5: train_loss=112.3 (recon 93.1, kl 2.40) val_loss=103.2  2.4s
[beta=8.0 seed=0] epoch 6: train_loss=111.7 (recon 92.6, kl 2.39) val_loss=102.1  2.4s
[beta=8.0 seed=0] epoch 7: train_loss=111.3 (recon 92.1, kl 2.40) val_loss=101.8  2.4s
[beta=8.0 seed=0] epoch 8: train_loss=110.8 (recon 91.6, kl 2.40) val_loss=103.4  2.4s
[beta=8.0 seed=0] epoch 9: train_loss=110.5 (recon 91.3, kl 2.40) val_loss=102.1  2.5s
[beta=8.0 seed=0] epoch 10: train_loss=110.1 (recon 90.9, kl 2.41) val_loss=100.6  2.3s
[beta=8.0 seed=0] epoch 11: train_loss=110.0 (recon 90.7, kl 2.42) val_loss=100.7  2.4s
[beta=8.0 seed=0] epoch 12: train_loss=109.8 (recon 90.5, kl 2.41) val_loss=101.9  2.4s
[beta=8.0 seed=0] epoch 13: train_loss=109.6 (recon 90.3, kl 2.41) val_loss=100.0  2.4s
[beta=8.0 seed=0] epoch 14: train_loss=109.4 (recon 90.0, kl 2.43) val_loss=100.5  2.4s
[beta=8.0 seed=0] epoch 15: train_loss=109.4 (recon 89.9, kl 2.43) val_loss=99.3  2.4s
[beta=8.0 seed=0] epoch 16: train_loss=109.1 (recon 89.8, kl 2.42) val_loss=101.7  2.4s
[beta=8.0 seed=0] epoch 17: train_loss=109.0 (recon 89.5, kl 2.43) val_loss=101.1  2.3s
[beta=8.0 seed=0] epoch 18: train_loss=108.8 (recon 89.3, kl 2.43) val_loss=99.9  2.1s
[beta=8.0 seed=0] epoch 19: train_loss=108.6 (recon 89.1, kl 2.44) val_loss=99.9  2.0s
[beta=8.0 seed=0] epoch 20: train_loss=108.6 (recon 89.1, kl 2.44) val_loss=99.9  2.0s
[beta=8.0 seed=0] epoch 21: train_loss=108.6 (recon 89.1, kl 2.43) val_loss=100.8  2.4s
[beta=8.0 seed=0] epoch 22: train_loss=108.5 (recon 89.0, kl 2.44) val_loss=99.7  2.4s
[beta=8.0 seed=0] epoch 23: train_loss=108.5 (recon 89.0, kl 2.44) val_loss=101.1  2.5s
[beta=8.0 seed=0] epoch 24: train_loss=108.3 (recon 88.7, kl 2.45) val_loss=100.5  2.4s
[beta=8.0 seed=0] epoch 25: train_loss=108.4 (recon 88.7, kl 2.46) val_loss=99.2  2.4s
[beta=8.0 seed=0] epoch 26: train_loss=108.0 (recon 88.5, kl 2.44) val_loss=99.5  2.4s
[beta=8.0 seed=0] epoch 27: train_loss=107.9 (recon 88.3, kl 2.45) val_loss=100.6  2.4s
[beta=8.0 seed=0] epoch 28: train_loss=108.1 (recon 88.4, kl 2.46) val_loss=99.2  2.4s
[beta=8.0 seed=0] epoch 29: train_loss=107.8 (recon 88.3, kl 2.44) val_loss=99.0  2.4s
saved /workspace/fantasy_maps/results/checkpoints/beta8.0_seed0_64px.pt
=== training beta=8 seed=1 ===
[beta=8.0 seed=1] epoch 0: train_loss=150.9 (recon 132.6, kl 2.29) val_loss=116.1  77.1s
[beta=8.0 seed=1] epoch 1: train_loss=118.2 (recon 100.1, kl 2.25) val_loss=107.2  2.6s
[beta=8.0 seed=1] epoch 2: train_loss=115.2 (recon 96.7, kl 2.31) val_loss=108.4  2.5s
[beta=8.0 seed=1] epoch 3: train_loss=113.6 (recon 94.8, kl 2.35) val_loss=104.4  2.5s
[beta=8.0 seed=1] epoch 4: train_loss=112.8 (recon 93.9, kl 2.37) val_loss=102.7  2.5s
[beta=8.0 seed=1] epoch 5: train_loss=111.8 (recon 92.8, kl 2.37) val_loss=101.3  2.5s
[beta=8.0 seed=1] epoch 6: train_loss=111.3 (recon 92.3, kl 2.38) val_loss=102.5  2.5s
[beta=8.0 seed=1] epoch 7: train_loss=110.9 (recon 91.8, kl 2.39) val_loss=101.9  2.5s
[beta=8.0 seed=1] epoch 8: train_loss=110.6 (recon 91.5, kl 2.39) val_loss=101.4  2.5s
[beta=8.0 seed=1] epoch 9: train_loss=110.2 (recon 91.3, kl 2.37) val_loss=101.3  2.5s
[beta=8.0 seed=1] epoch 10: train_loss=109.8 (recon 90.7, kl 2.40) val_loss=101.0  2.5s
[beta=8.0 seed=1] epoch 11: train_loss=109.8 (recon 90.5, kl 2.41) val_loss=100.9  2.5s
[beta=8.0 seed=1] epoch 12: train_loss=109.5 (recon 90.3, kl 2.40) val_loss=101.6  2.5s
[beta=8.0 seed=1] epoch 13: train_loss=109.5 (recon 90.2, kl 2.41) val_loss=99.9  2.5s
[beta=8.0 seed=1] epoch 14: train_loss=109.3 (recon 90.0, kl 2.42) val_loss=100.3  2.5s
[beta=8.0 seed=1] epoch 15: train_loss=109.0 (recon 89.7, kl 2.40) val_loss=100.9  2.5s
[beta=8.0 seed=1] epoch 16: train_loss=109.1 (recon 89.7, kl 2.42) val_loss=101.0  2.5s
[beta=8.0 seed=1] epoch 17: train_loss=109.0 (recon 89.7, kl 2.42) val_loss=100.4  2.5s
[beta=8.0 seed=1] epoch 18: train_loss=108.9 (recon 89.4, kl 2.43) val_loss=100.9  2.5s
[beta=8.0 seed=1] epoch 19: train_loss=108.8 (recon 89.2, kl 2.45) val_loss=100.4  2.5s
[beta=8.0 seed=1] epoch 20: train_loss=108.5 (recon 89.1, kl 2.43) val_loss=99.6  2.5s
[beta=8.0 seed=1] epoch 21: train_loss=108.3 (recon 89.0, kl 2.42) val_loss=100.2  2.5s
[beta=8.0 seed=1] epoch 22: train_loss=108.4 (recon 88.9, kl 2.44) val_loss=100.3  2.5s
[beta=8.0 seed=1] epoch 23: train_loss=108.2 (recon 88.7, kl 2.44) val_loss=100.3  2.5s
[beta=8.0 seed=1] epoch 24: train_loss=108.3 (recon 88.8, kl 2.44) val_loss=99.2  2.5s
[beta=8.0 seed=1] epoch 25: train_loss=108.0 (recon 88.5, kl 2.44) val_loss=99.4  2.5s
[beta=8.0 seed=1] epoch 26: train_loss=108.1 (recon 88.6, kl 2.44) val_loss=100.6  2.5s
[beta=8.0 seed=1] epoch 27: train_loss=107.9 (recon 88.5, kl 2.43) val_loss=99.9  2.5s
[beta=8.0 seed=1] epoch 28: train_loss=108.0 (recon 88.4, kl 2.45) val_loss=99.4  2.5s
[beta=8.0 seed=1] epoch 29: train_loss=108.0 (recon 88.3, kl 2.45) val_loss=99.5  2.5s
saved /workspace/fantasy_maps/results/checkpoints/beta8.0_seed1_64px.pt
=== training beta=8 seed=2 ===
[beta=8.0 seed=2] epoch 0: train_loss=163.5 (recon 143.8, kl 2.47) val_loss=113.7  77.3s
[beta=8.0 seed=2] epoch 1: train_loss=119.9 (recon 101.1, kl 2.35) val_loss=108.0  2.5s
[beta=8.0 seed=2] epoch 2: train_loss=116.5 (recon 97.5, kl 2.38) val_loss=104.7  2.4s
[beta=8.0 seed=2] epoch 3: train_loss=114.7 (recon 95.6, kl 2.38) val_loss=104.9  2.4s
[beta=8.0 seed=2] epoch 4: train_loss=113.3 (recon 94.1, kl 2.40) val_loss=104.7  2.4s
[beta=8.0 seed=2] epoch 5: train_loss=112.3 (recon 93.2, kl 2.39) val_loss=101.1  2.4s
[beta=8.0 seed=2] epoch 6: train_loss=111.9 (recon 92.7, kl 2.39) val_loss=103.2  2.4s
[beta=8.0 seed=2] epoch 7: train_loss=111.5 (recon 92.2, kl 2.41) val_loss=103.1  2.4s
[beta=8.0 seed=2] epoch 8: train_loss=110.9 (recon 91.6, kl 2.41) val_loss=101.0  2.4s
[beta=8.0 seed=2] epoch 9: train_loss=110.6 (recon 91.3, kl 2.41) val_loss=101.7  2.5s
[beta=8.0 seed=2] epoch 10: train_loss=110.6 (recon 91.1, kl 2.45) val_loss=100.8  2.4s
[beta=8.0 seed=2] epoch 11: train_loss=110.2 (recon 90.8, kl 2.42) val_loss=100.2  2.5s
[beta=8.0 seed=2] epoch 12: train_loss=110.0 (recon 90.6, kl 2.42) val_loss=101.4  2.4s
[beta=8.0 seed=2] epoch 13: train_loss=109.8 (recon 90.3, kl 2.44) val_loss=100.8  2.5s
[beta=8.0 seed=2] epoch 14: train_loss=109.6 (recon 90.2, kl 2.43) val_loss=102.1  2.5s
[beta=8.0 seed=2] epoch 15: train_loss=109.2 (recon 89.9, kl 2.42) val_loss=100.2  2.5s
[beta=8.0 seed=2] epoch 16: train_loss=109.4 (recon 89.8, kl 2.46) val_loss=100.4  2.4s
[beta=8.0 seed=2] epoch 17: train_loss=109.2 (recon 89.6, kl 2.44) val_loss=100.7  2.4s
[beta=8.0 seed=2] epoch 18: train_loss=109.0 (recon 89.5, kl 2.44) val_loss=99.9  2.3s
[beta=8.0 seed=2] epoch 19: train_loss=108.9 (recon 89.3, kl 2.45) val_loss=100.6  2.6s
[beta=8.0 seed=2] epoch 20: train_loss=108.9 (recon 89.3, kl 2.45) val_loss=100.4  2.5s
[beta=8.0 seed=2] epoch 21: train_loss=108.8 (recon 89.2, kl 2.46) val_loss=99.5  2.5s
[beta=8.0 seed=2] epoch 22: train_loss=109.0 (recon 89.2, kl 2.47) val_loss=102.2  2.4s
[beta=8.0 seed=2] epoch 23: train_loss=108.4 (recon 88.9, kl 2.44) val_loss=99.2  2.5s
[beta=8.0 seed=2] epoch 24: train_loss=108.6 (recon 88.9, kl 2.46) val_loss=100.3  2.4s
[beta=8.0 seed=2] epoch 25: train_loss=108.4 (recon 88.8, kl 2.45) val_loss=98.5  2.3s
[beta=8.0 seed=2] epoch 26: train_loss=108.3 (recon 88.7, kl 2.46) val_loss=99.3  2.5s
[beta=8.0 seed=2] epoch 27: train_loss=108.3 (recon 88.6, kl 2.46) val_loss=100.3  2.5s
[beta=8.0 seed=2] epoch 28: train_loss=108.2 (recon 88.5, kl 2.47) val_loss=99.8  2.5s
[beta=8.0 seed=2] epoch 29: train_loss=108.2 (recon 88.4, kl 2.47) val_loss=99.9  2.5s
saved /workspace/fantasy_maps/results/checkpoints/beta8.0_seed2_64px.pt
=== fitting PCA baseline ===
SWEEP COMPLETE Sat Jul 18 12:32:04 UTC 2026
DONE_EXIT_0
