=== training beta=1 seed=0 ===
[beta=1.0 seed=0] epoch 0: train_loss=10380.1 (recon 430.0, kl 9950.15) val_loss=330.1  193.9s
[beta=1.0 seed=0] epoch 1: train_loss=317.1 (recon 292.4, kl 24.78) val_loss=297.4  6.1s
[beta=1.0 seed=0] epoch 2: train_loss=300.5 (recon 274.9, kl 25.57) val_loss=289.5  5.9s
[beta=1.0 seed=0] epoch 3: train_loss=291.9 (recon 265.6, kl 26.23) val_loss=281.5  6.2s
[beta=1.0 seed=0] epoch 4: train_loss=286.4 (recon 259.7, kl 26.62) val_loss=282.6  6.1s
[beta=1.0 seed=0] epoch 5: train_loss=283.7 (recon 256.7, kl 27.00) val_loss=279.1  6.0s
[beta=1.0 seed=0] epoch 6: train_loss=281.0 (recon 253.9, kl 27.14) val_loss=275.1  6.1s
[beta=1.0 seed=0] epoch 7: train_loss=279.3 (recon 252.0, kl 27.23) val_loss=273.1  6.1s
[beta=1.0 seed=0] epoch 8: train_loss=278.0 (recon 250.6, kl 27.43) val_loss=271.6  5.8s
[beta=1.0 seed=0] epoch 9: train_loss=275.4 (recon 248.1, kl 27.29) val_loss=269.1  6.0s
[beta=1.0 seed=0] epoch 10: train_loss=275.2 (recon 247.6, kl 27.60) val_loss=277.9  6.0s
[beta=1.0 seed=0] epoch 11: train_loss=273.2 (recon 245.6, kl 27.52) val_loss=267.4  6.0s
[beta=1.0 seed=0] epoch 12: train_loss=272.5 (recon 245.0, kl 27.47) val_loss=270.1  6.2s
[beta=1.0 seed=0] epoch 13: train_loss=271.8 (recon 244.1, kl 27.74) val_loss=267.5  6.1s
[beta=1.0 seed=0] epoch 14: train_loss=270.7 (recon 243.0, kl 27.65) val_loss=268.6  6.3s
[beta=1.0 seed=0] epoch 15: train_loss=269.4 (recon 241.6, kl 27.73) val_loss=264.5  5.9s
[beta=1.0 seed=0] epoch 16: train_loss=268.4 (recon 240.7, kl 27.68) val_loss=264.0  5.9s
[beta=1.0 seed=0] epoch 17: train_loss=267.7 (recon 240.0, kl 27.66) val_loss=265.7  5.9s
[beta=1.0 seed=0] epoch 18: train_loss=267.2 (recon 239.4, kl 27.81) val_loss=265.3  6.1s
[beta=1.0 seed=0] epoch 19: train_loss=265.9 (recon 238.1, kl 27.73) val_loss=268.0  6.0s
[beta=1.0 seed=0] epoch 20: train_loss=264.7 (recon 236.9, kl 27.75) val_loss=268.0  6.1s
[beta=1.0 seed=0] epoch 21: train_loss=264.7 (recon 236.9, kl 27.87) val_loss=264.8  6.0s
[beta=1.0 seed=0] epoch 22: train_loss=263.6 (recon 235.7, kl 27.83) val_loss=267.6  6.0s
[beta=1.0 seed=0] epoch 23: train_loss=262.9 (recon 234.9, kl 27.96) val_loss=263.6  5.9s
[beta=1.0 seed=0] epoch 24: train_loss=262.7 (recon 234.7, kl 28.04) val_loss=263.4  5.9s
[beta=1.0 seed=0] epoch 25: train_loss=262.4 (recon 234.2, kl 28.18) val_loss=263.0  6.2s
[beta=1.0 seed=0] epoch 26: train_loss=261.3 (recon 233.2, kl 28.11) val_loss=265.3  6.0s
[beta=1.0 seed=0] epoch 27: train_loss=260.4 (recon 232.4, kl 28.04) val_loss=262.1  6.1s
[beta=1.0 seed=0] epoch 28: train_loss=259.2 (recon 231.1, kl 28.11) val_loss=263.8  5.8s
[beta=1.0 seed=0] epoch 29: train_loss=259.1 (recon 230.9, kl 28.21) val_loss=262.7  6.2s
saved /workspace/fantasy_maps/results/checkpoints/beta1.0_seed0_128px.pt
=== training beta=1 seed=1 ===
[beta=1.0 seed=1] epoch 0: train_loss=32162754.4 (recon 433.9, kl 32162319.61) val_loss=314.0  194.2s
[beta=1.0 seed=1] epoch 1: train_loss=308.8 (recon 283.1, kl 25.65) val_loss=295.6  5.9s
[beta=1.0 seed=1] epoch 2: train_loss=295.2 (recon 269.1, kl 26.05) val_loss=282.2  6.0s
[beta=1.0 seed=1] epoch 3: train_loss=289.5 (recon 263.3, kl 26.20) val_loss=280.0  5.9s
[beta=1.0 seed=1] epoch 4: train_loss=286.4 (recon 260.0, kl 26.40) val_loss=279.7  6.0s
[beta=1.0 seed=1] epoch 5: train_loss=283.4 (recon 256.9, kl 26.46) val_loss=278.1  5.9s
[beta=1.0 seed=1] epoch 6: train_loss=281.8 (recon 255.1, kl 26.64) val_loss=281.4  5.8s
[beta=1.0 seed=1] epoch 7: train_loss=279.3 (recon 252.8, kl 26.52) val_loss=274.0  6.0s
[beta=1.0 seed=1] epoch 8: train_loss=278.1 (recon 251.5, kl 26.60) val_loss=277.5  6.0s
[beta=1.0 seed=1] epoch 9: train_loss=276.9 (recon 250.2, kl 26.75) val_loss=268.8  6.1s
[beta=1.0 seed=1] epoch 10: train_loss=275.6 (recon 248.9, kl 26.77) val_loss=271.4  6.0s
[beta=1.0 seed=1] epoch 11: train_loss=275.0 (recon 248.2, kl 26.84) val_loss=273.7  6.0s
[beta=1.0 seed=1] epoch 12: train_loss=273.6 (recon 246.7, kl 26.92) val_loss=272.0  6.0s
[beta=1.0 seed=1] epoch 13: train_loss=273.0 (recon 246.1, kl 26.93) val_loss=271.8  6.2s
[beta=1.0 seed=1] epoch 14: train_loss=271.7 (recon 244.8, kl 26.92) val_loss=270.6  6.1s
[beta=1.0 seed=1] epoch 15: train_loss=271.0 (recon 244.0, kl 26.94) val_loss=270.2  6.0s
[beta=1.0 seed=1] epoch 16: train_loss=270.7 (recon 243.6, kl 27.10) val_loss=276.9  5.9s
[beta=1.0 seed=1] epoch 17: train_loss=269.7 (recon 242.8, kl 27.00) val_loss=269.2  6.1s
[beta=1.0 seed=1] epoch 18: train_loss=269.1 (recon 241.9, kl 27.22) val_loss=271.3  6.0s
[beta=1.0 seed=1] epoch 19: train_loss=268.8 (recon 241.6, kl 27.21) val_loss=272.4  6.0s
[beta=1.0 seed=1] epoch 20: train_loss=268.7 (recon 241.3, kl 27.37) val_loss=269.1  5.9s
[beta=1.0 seed=1] epoch 21: train_loss=267.3 (recon 240.1, kl 27.22) val_loss=272.3  6.2s
[beta=1.0 seed=1] epoch 22: train_loss=267.0 (recon 239.6, kl 27.38) val_loss=269.0  6.0s
[beta=1.0 seed=1] epoch 23: train_loss=266.4 (recon 239.0, kl 27.34) val_loss=270.7  6.0s
[beta=1.0 seed=1] epoch 24: train_loss=266.2 (recon 238.8, kl 27.44) val_loss=269.5  6.1s
[beta=1.0 seed=1] epoch 25: train_loss=265.3 (recon 237.8, kl 27.46) val_loss=271.4  6.0s
[beta=1.0 seed=1] epoch 26: train_loss=265.0 (recon 237.5, kl 27.56) val_loss=271.5  6.0s
[beta=1.0 seed=1] epoch 27: train_loss=264.3 (recon 236.8, kl 27.52) val_loss=273.1  6.0s
[beta=1.0 seed=1] epoch 28: train_loss=263.5 (recon 235.9, kl 27.56) val_loss=272.1  6.0s
[beta=1.0 seed=1] epoch 29: train_loss=263.9 (recon 236.2, kl 27.68) val_loss=271.8  6.0s
saved /workspace/fantasy_maps/results/checkpoints/beta1.0_seed1_128px.pt
=== training beta=1 seed=2 ===
[beta=1.0 seed=2] epoch 0: train_loss=796651808.6 (recon 474.2, kl 796651344.24) val_loss=323.4  191.2s
[beta=1.0 seed=2] epoch 1: train_loss=308.0 (recon 282.8, kl 25.22) val_loss=297.9  5.9s
[beta=1.0 seed=2] epoch 2: train_loss=294.4 (recon 268.7, kl 25.72) val_loss=286.0  6.1s
[beta=1.0 seed=2] epoch 3: train_loss=287.5 (recon 261.6, kl 25.97) val_loss=277.9  6.1s
[beta=1.0 seed=2] epoch 4: train_loss=283.9 (recon 257.8, kl 26.07) val_loss=272.8  5.7s
[beta=1.0 seed=2] epoch 5: train_loss=281.5 (recon 255.2, kl 26.26) val_loss=278.8  6.0s
[beta=1.0 seed=2] epoch 6: train_loss=279.4 (recon 253.1, kl 26.30) val_loss=273.4  6.0s
[beta=1.0 seed=2] epoch 7: train_loss=277.1 (recon 250.8, kl 26.35) val_loss=273.1  5.9s
[beta=1.0 seed=2] epoch 8: train_loss=275.9 (recon 249.5, kl 26.46) val_loss=273.1  5.9s
[beta=1.0 seed=2] epoch 9: train_loss=275.3 (recon 248.8, kl 26.47) val_loss=271.8  6.0s
[beta=1.0 seed=2] epoch 10: train_loss=274.0 (recon 247.3, kl 26.70) val_loss=271.0  5.8s
[beta=1.0 seed=2] epoch 11: train_loss=273.3 (recon 246.6, kl 26.68) val_loss=275.7  6.0s
[beta=1.0 seed=2] epoch 12: train_loss=271.5 (recon 244.7, kl 26.73) val_loss=272.3  6.1s
[beta=1.0 seed=2] epoch 13: train_loss=270.8 (recon 244.0, kl 26.76) val_loss=267.7  6.4s
[beta=1.0 seed=2] epoch 14: train_loss=270.4 (recon 243.6, kl 26.77) val_loss=272.4  6.0s
[beta=1.0 seed=2] epoch 15: train_loss=269.5 (recon 242.7, kl 26.77) val_loss=273.3  6.2s
[beta=1.0 seed=2] epoch 16: train_loss=269.3 (recon 242.3, kl 26.99) val_loss=268.8  6.1s
[beta=1.0 seed=2] epoch 17: train_loss=268.4 (recon 241.5, kl 26.91) val_loss=267.9  6.1s
[beta=1.0 seed=2] epoch 18: train_loss=268.1 (recon 241.0, kl 27.09) val_loss=268.0  6.1s
[beta=1.0 seed=2] epoch 19: train_loss=266.8 (recon 239.9, kl 26.97) val_loss=267.0  5.9s
[beta=1.0 seed=2] epoch 20: train_loss=265.8 (recon 238.8, kl 27.00) val_loss=268.7  6.0s
[beta=1.0 seed=2] epoch 21: train_loss=265.8 (recon 238.7, kl 27.10) val_loss=267.3  5.9s
[beta=1.0 seed=2] epoch 22: train_loss=265.9 (recon 238.6, kl 27.23) val_loss=271.5  6.2s
[beta=1.0 seed=2] epoch 23: train_loss=264.6 (recon 237.4, kl 27.18) val_loss=266.8  5.9s
[beta=1.0 seed=2] epoch 24: train_loss=264.5 (recon 237.2, kl 27.28) val_loss=268.3  5.7s
[beta=1.0 seed=2] epoch 25: train_loss=263.9 (recon 236.7, kl 27.23) val_loss=271.0  5.8s
[beta=1.0 seed=2] epoch 26: train_loss=263.9 (recon 236.5, kl 27.38) val_loss=267.8  5.7s
[beta=1.0 seed=2] epoch 27: train_loss=262.9 (recon 235.6, kl 27.33) val_loss=269.8  6.1s
[beta=1.0 seed=2] epoch 28: train_loss=262.4 (recon 234.9, kl 27.43) val_loss=267.5  6.0s
[beta=1.0 seed=2] epoch 29: train_loss=262.0 (recon 234.6, kl 27.44) val_loss=267.7  6.0s
saved /workspace/fantasy_maps/results/checkpoints/beta1.0_seed2_128px.pt
=== training beta=2 seed=0 ===
[beta=2.0 seed=0] epoch 0: train_loss=5972.7 (recon 445.8, kl 2763.45) val_loss=347.4  196.7s
[beta=2.0 seed=0] epoch 1: train_loss=338.3 (recon 302.5, kl 17.89) val_loss=310.7  5.9s
[beta=2.0 seed=0] epoch 2: train_loss=321.1 (recon 283.5, kl 18.82) val_loss=307.3  6.1s
[beta=2.0 seed=0] epoch 3: train_loss=314.0 (recon 275.4, kl 19.28) val_loss=299.5  6.1s
[beta=2.0 seed=0] epoch 4: train_loss=308.8 (recon 269.8, kl 19.50) val_loss=299.0  6.2s
[beta=2.0 seed=0] epoch 5: train_loss=306.5 (recon 267.1, kl 19.71) val_loss=292.4  5.9s
[beta=2.0 seed=0] epoch 6: train_loss=304.2 (recon 264.5, kl 19.85) val_loss=292.8  6.2s
[beta=2.0 seed=0] epoch 7: train_loss=301.7 (recon 262.0, kl 19.84) val_loss=287.0  5.8s
[beta=2.0 seed=0] epoch 8: train_loss=300.5 (recon 260.5, kl 20.01) val_loss=287.4  5.8s
[beta=2.0 seed=0] epoch 9: train_loss=298.7 (recon 258.7, kl 20.02) val_loss=287.1  6.0s
[beta=2.0 seed=0] epoch 10: train_loss=298.1 (recon 257.9, kl 20.12) val_loss=289.8  5.9s
[beta=2.0 seed=0] epoch 11: train_loss=296.9 (recon 256.5, kl 20.20) val_loss=284.1  6.2s
[beta=2.0 seed=0] epoch 12: train_loss=295.6 (recon 255.4, kl 20.11) val_loss=289.2  5.8s
[beta=2.0 seed=0] epoch 13: train_loss=294.7 (recon 254.1, kl 20.32) val_loss=282.2  5.9s
[beta=2.0 seed=0] epoch 14: train_loss=294.8 (recon 254.1, kl 20.35) val_loss=284.8  5.9s
[beta=2.0 seed=0] epoch 15: train_loss=292.7 (recon 252.1, kl 20.31) val_loss=281.5  6.2s
[beta=2.0 seed=0] epoch 16: train_loss=291.1 (recon 250.8, kl 20.18) val_loss=281.1  6.2s
[beta=2.0 seed=0] epoch 17: train_loss=291.1 (recon 250.4, kl 20.34) val_loss=282.5  6.0s
[beta=2.0 seed=0] epoch 18: train_loss=290.6 (recon 249.9, kl 20.36) val_loss=277.2  5.8s
[beta=2.0 seed=0] epoch 19: train_loss=289.4 (recon 248.8, kl 20.32) val_loss=284.8  5.7s
[beta=2.0 seed=0] epoch 20: train_loss=287.9 (recon 247.4, kl 20.27) val_loss=279.4  5.7s
[beta=2.0 seed=0] epoch 21: train_loss=288.0 (recon 247.2, kl 20.39) val_loss=281.4  6.1s
[beta=2.0 seed=0] epoch 22: train_loss=287.0 (recon 246.2, kl 20.39) val_loss=278.1  5.7s
[beta=2.0 seed=0] epoch 23: train_loss=285.4 (recon 244.7, kl 20.37) val_loss=278.1  6.2s
[beta=2.0 seed=0] epoch 24: train_loss=287.2 (recon 245.8, kl 20.69) val_loss=279.7  5.9s
[beta=2.0 seed=0] epoch 25: train_loss=284.9 (recon 244.0, kl 20.48) val_loss=279.5  5.9s
[beta=2.0 seed=0] epoch 26: train_loss=284.2 (recon 243.3, kl 20.45) val_loss=282.9  6.0s
[beta=2.0 seed=0] epoch 27: train_loss=284.6 (recon 243.4, kl 20.62) val_loss=276.6  6.1s
[beta=2.0 seed=0] epoch 28: train_loss=282.8 (recon 241.7, kl 20.55) val_loss=277.9  6.0s
[beta=2.0 seed=0] epoch 29: train_loss=281.3 (recon 240.4, kl 20.48) val_loss=275.6  6.1s
saved /workspace/fantasy_maps/results/checkpoints/beta2.0_seed0_128px.pt
=== training beta=2 seed=1 ===
[beta=2.0 seed=1] epoch 0: train_loss=448.5 (recon 412.6, kl 17.98) val_loss=315.3  197.4s
[beta=2.0 seed=1] epoch 1: train_loss=313.3 (recon 272.3, kl 20.46) val_loss=288.7  6.1s
[beta=2.0 seed=1] epoch 2: train_loss=300.4 (recon 258.8, kl 20.77) val_loss=281.4  6.0s
[beta=2.0 seed=1] epoch 3: train_loss=295.1 (recon 253.6, kl 20.75) val_loss=279.2  6.0s
[beta=2.0 seed=1] epoch 4: train_loss=292.6 (recon 251.1, kl 20.71) val_loss=281.5  6.1s
[beta=2.0 seed=1] epoch 5: train_loss=289.8 (recon 248.5, kl 20.64) val_loss=275.3  6.0s
[beta=2.0 seed=1] epoch 6: train_loss=287.8 (recon 246.5, kl 20.65) val_loss=275.6  5.7s
[beta=2.0 seed=1] epoch 7: train_loss=286.5 (recon 245.3, kl 20.57) val_loss=271.0  5.9s
[beta=2.0 seed=1] epoch 8: train_loss=284.1 (recon 243.1, kl 20.53) val_loss=270.0  6.1s
[beta=2.0 seed=1] epoch 9: train_loss=283.8 (recon 242.8, kl 20.53) val_loss=269.5  6.3s
[beta=2.0 seed=1] epoch 10: train_loss=282.2 (recon 241.1, kl 20.55) val_loss=270.4  6.1s
[beta=2.0 seed=1] epoch 11: train_loss=281.3 (recon 240.3, kl 20.51) val_loss=274.8  6.1s
[beta=2.0 seed=1] epoch 12: train_loss=280.3 (recon 239.2, kl 20.54) val_loss=267.5  6.2s
[beta=2.0 seed=1] epoch 13: train_loss=279.0 (recon 237.9, kl 20.57) val_loss=268.6  6.1s
[beta=2.0 seed=1] epoch 14: train_loss=278.7 (recon 237.5, kl 20.58) val_loss=265.8  6.3s
[beta=2.0 seed=1] epoch 15: train_loss=277.2 (recon 236.1, kl 20.55) val_loss=265.6  5.8s
[beta=2.0 seed=1] epoch 16: train_loss=277.3 (recon 236.0, kl 20.62) val_loss=273.0  6.1s
[beta=2.0 seed=1] epoch 17: train_loss=276.8 (recon 235.7, kl 20.52) val_loss=263.4  6.2s
[beta=2.0 seed=1] epoch 18: train_loss=276.2 (recon 235.0, kl 20.61) val_loss=264.1  6.0s
[beta=2.0 seed=1] epoch 19: train_loss=275.1 (recon 234.0, kl 20.57) val_loss=265.0  6.2s
[beta=2.0 seed=1] epoch 20: train_loss=274.6 (recon 233.4, kl 20.60) val_loss=262.5  6.1s
[beta=2.0 seed=1] epoch 21: train_loss=274.0 (recon 232.8, kl 20.60) val_loss=264.0  6.2s
[beta=2.0 seed=1] epoch 22: train_loss=273.8 (recon 232.6, kl 20.62) val_loss=266.1  6.1s
[beta=2.0 seed=1] epoch 23: train_loss=273.6 (recon 232.4, kl 20.62) val_loss=264.8  6.1s
[beta=2.0 seed=1] epoch 24: train_loss=273.3 (recon 232.1, kl 20.61) val_loss=263.6  5.9s
[beta=2.0 seed=1] epoch 25: train_loss=272.7 (recon 231.3, kl 20.68) val_loss=263.9  6.0s
[beta=2.0 seed=1] epoch 26: train_loss=272.1 (recon 230.8, kl 20.64) val_loss=264.0  6.1s
[beta=2.0 seed=1] epoch 27: train_loss=272.1 (recon 230.8, kl 20.68) val_loss=263.5  6.1s
[beta=2.0 seed=1] epoch 28: train_loss=271.4 (recon 229.9, kl 20.74) val_loss=262.6  6.2s
[beta=2.0 seed=1] epoch 29: train_loss=271.7 (recon 230.4, kl 20.65) val_loss=262.9  6.1s
saved /workspace/fantasy_maps/results/checkpoints/beta2.0_seed1_128px.pt
=== training beta=2 seed=2 ===
[beta=2.0 seed=2] epoch 0: train_loss=327777509.7 (recon 474.9, kl 163888522.30) val_loss=331.3  193.7s
[beta=2.0 seed=2] epoch 1: train_loss=326.9 (recon 289.1, kl 18.90) val_loss=318.1  5.8s
[beta=2.0 seed=2] epoch 2: train_loss=316.0 (recon 276.9, kl 19.56) val_loss=300.0  5.8s
[beta=2.0 seed=2] epoch 3: train_loss=309.0 (recon 269.5, kl 19.73) val_loss=293.9  6.1s
[beta=2.0 seed=2] epoch 4: train_loss=305.7 (recon 265.8, kl 19.91) val_loss=293.4  6.0s
[beta=2.0 seed=2] epoch 5: train_loss=304.1 (recon 264.1, kl 20.04) val_loss=292.8  6.0s
[beta=2.0 seed=2] epoch 6: train_loss=301.6 (recon 261.5, kl 20.08) val_loss=287.8  6.1s
[beta=2.0 seed=2] epoch 7: train_loss=299.9 (recon 259.4, kl 20.22) val_loss=287.7  6.0s
[beta=2.0 seed=2] epoch 8: train_loss=298.2 (recon 257.8, kl 20.22) val_loss=287.6  6.2s
[beta=2.0 seed=2] epoch 9: train_loss=298.0 (recon 257.5, kl 20.29) val_loss=289.6  5.9s
[beta=2.0 seed=2] epoch 10: train_loss=296.1 (recon 255.5, kl 20.29) val_loss=283.2  6.2s
[beta=2.0 seed=2] epoch 11: train_loss=295.5 (recon 254.9, kl 20.28) val_loss=291.7  5.9s
[beta=2.0 seed=2] epoch 12: train_loss=294.2 (recon 253.5, kl 20.34) val_loss=286.1  5.9s
[beta=2.0 seed=2] epoch 13: train_loss=293.3 (recon 252.5, kl 20.36) val_loss=283.3  6.1s
[beta=2.0 seed=2] epoch 14: train_loss=293.0 (recon 252.3, kl 20.35) val_loss=282.2  5.9s
[beta=2.0 seed=2] epoch 15: train_loss=292.2 (recon 251.4, kl 20.38) val_loss=298.2  6.0s
[beta=2.0 seed=2] epoch 16: train_loss=291.6 (recon 250.7, kl 20.44) val_loss=281.1  5.9s
[beta=2.0 seed=2] epoch 17: train_loss=291.5 (recon 250.7, kl 20.44) val_loss=282.0  5.9s
[beta=2.0 seed=2] epoch 18: train_loss=290.5 (recon 249.7, kl 20.40) val_loss=284.8  5.9s
[beta=2.0 seed=2] epoch 19: train_loss=290.0 (recon 249.1, kl 20.45) val_loss=283.1  6.1s
[beta=2.0 seed=2] epoch 20: train_loss=289.0 (recon 248.2, kl 20.42) val_loss=286.9  6.0s
[beta=2.0 seed=2] epoch 21: train_loss=288.6 (recon 247.7, kl 20.43) val_loss=283.0  6.1s
[beta=2.0 seed=2] epoch 22: train_loss=288.3 (recon 247.4, kl 20.43) val_loss=287.1  5.9s
[beta=2.0 seed=2] epoch 23: train_loss=287.5 (recon 246.6, kl 20.45) val_loss=282.8  5.9s
[beta=2.0 seed=2] epoch 24: train_loss=287.2 (recon 246.3, kl 20.49) val_loss=284.4  6.1s
[beta=2.0 seed=2] epoch 25: train_loss=286.9 (recon 245.9, kl 20.48) val_loss=282.2  6.5s
[beta=2.0 seed=2] epoch 26: train_loss=286.5 (recon 245.5, kl 20.48) val_loss=280.3  6.0s
[beta=2.0 seed=2] epoch 27: train_loss=287.0 (recon 245.7, kl 20.63) val_loss=280.6  6.0s
[beta=2.0 seed=2] epoch 28: train_loss=287.2 (recon 245.8, kl 20.70) val_loss=276.7  6.1s
[beta=2.0 seed=2] epoch 29: train_loss=285.9 (recon 244.8, kl 20.60) val_loss=279.3  6.0s
saved /workspace/fantasy_maps/results/checkpoints/beta2.0_seed2_128px.pt
=== training beta=4 seed=0 ===
[beta=4.0 seed=0] epoch 0: train_loss=490.4 (recon 432.1, kl 14.57) val_loss=345.6  194.4s
[beta=4.0 seed=0] epoch 1: train_loss=350.6 (recon 296.8, kl 13.45) val_loss=339.6  6.2s
[beta=4.0 seed=0] epoch 2: train_loss=339.1 (recon 283.5, kl 13.91) val_loss=315.6  6.1s
[beta=4.0 seed=0] epoch 3: train_loss=333.0 (recon 276.8, kl 14.06) val_loss=307.5  5.9s
[beta=4.0 seed=0] epoch 4: train_loss=328.1 (recon 272.1, kl 14.00) val_loss=303.6  6.0s
[beta=4.0 seed=0] epoch 5: train_loss=326.4 (recon 270.3, kl 14.02) val_loss=300.1  5.9s
[beta=4.0 seed=0] epoch 6: train_loss=324.0 (recon 268.2, kl 13.97) val_loss=304.0  5.9s
[beta=4.0 seed=0] epoch 7: train_loss=321.8 (recon 266.1, kl 13.93) val_loss=301.2  6.0s
[beta=4.0 seed=0] epoch 8: train_loss=321.4 (recon 265.5, kl 13.98) val_loss=299.0  6.1s
[beta=4.0 seed=0] epoch 9: train_loss=318.7 (recon 262.9, kl 13.93) val_loss=297.6  6.0s
[beta=4.0 seed=0] epoch 10: train_loss=317.7 (recon 262.0, kl 13.94) val_loss=296.1  5.9s
[beta=4.0 seed=0] epoch 11: train_loss=316.3 (recon 260.6, kl 13.91) val_loss=290.5  5.9s
[beta=4.0 seed=0] epoch 12: train_loss=315.9 (recon 260.3, kl 13.90) val_loss=291.7  5.7s
[beta=4.0 seed=0] epoch 13: train_loss=314.9 (recon 258.9, kl 13.98) val_loss=292.8  6.4s
[beta=4.0 seed=0] epoch 14: train_loss=314.4 (recon 258.6, kl 13.94) val_loss=291.8  5.9s
[beta=4.0 seed=0] epoch 15: train_loss=313.3 (recon 257.7, kl 13.91) val_loss=290.3  6.0s
[beta=4.0 seed=0] epoch 16: train_loss=312.6 (recon 256.8, kl 13.93) val_loss=290.3  6.1s
[beta=4.0 seed=0] epoch 17: train_loss=312.1 (recon 256.4, kl 13.93) val_loss=292.3  6.1s
[beta=4.0 seed=0] epoch 18: train_loss=311.2 (recon 255.6, kl 13.90) val_loss=289.4  6.0s
[beta=4.0 seed=0] epoch 19: train_loss=310.3 (recon 254.7, kl 13.91) val_loss=287.8  5.9s
[beta=4.0 seed=0] epoch 20: train_loss=309.9 (recon 254.3, kl 13.89) val_loss=288.2  5.8s
[beta=4.0 seed=0] epoch 21: train_loss=310.2 (recon 254.6, kl 13.91) val_loss=289.2  5.9s
[beta=4.0 seed=0] epoch 22: train_loss=309.5 (recon 253.7, kl 13.94) val_loss=286.6  6.1s
[beta=4.0 seed=0] epoch 23: train_loss=308.8 (recon 253.1, kl 13.94) val_loss=288.6  5.8s
[beta=4.0 seed=0] epoch 24: train_loss=308.6 (recon 253.1, kl 13.90) val_loss=287.5  6.0s
[beta=4.0 seed=0] epoch 25: train_loss=307.8 (recon 252.1, kl 13.93) val_loss=287.6  6.0s
[beta=4.0 seed=0] epoch 26: train_loss=307.7 (recon 252.1, kl 13.91) val_loss=289.0  6.0s
[beta=4.0 seed=0] epoch 27: train_loss=307.9 (recon 252.4, kl 13.89) val_loss=287.1  6.0s
[beta=4.0 seed=0] epoch 28: train_loss=306.7 (recon 251.1, kl 13.89) val_loss=291.0  6.1s
[beta=4.0 seed=0] epoch 29: train_loss=306.8 (recon 250.9, kl 13.95) val_loss=286.4  6.1s
saved /workspace/fantasy_maps/results/checkpoints/beta4.0_seed0_128px.pt
=== training beta=4 seed=1 ===
[beta=4.0 seed=1] epoch 0: train_loss=523.2 (recon 436.3, kl 21.72) val_loss=340.2  195.0s
[beta=4.0 seed=1] epoch 1: train_loss=350.0 (recon 293.8, kl 14.07) val_loss=319.6  6.1s
[beta=4.0 seed=1] epoch 2: train_loss=338.3 (recon 281.0, kl 14.32) val_loss=308.3  6.1s
[beta=4.0 seed=1] epoch 3: train_loss=332.7 (recon 275.4, kl 14.33) val_loss=308.4  6.2s
[beta=4.0 seed=1] epoch 4: train_loss=330.3 (recon 273.0, kl 14.32) val_loss=304.7  5.8s
[beta=4.0 seed=1] epoch 5: train_loss=326.8 (recon 269.8, kl 14.25) val_loss=308.0  6.0s
[beta=4.0 seed=1] epoch 6: train_loss=325.0 (recon 268.2, kl 14.21) val_loss=302.1  5.9s
[beta=4.0 seed=1] epoch 7: train_loss=323.5 (recon 267.1, kl 14.12) val_loss=300.1  5.8s
[beta=4.0 seed=1] epoch 8: train_loss=321.7 (recon 265.5, kl 14.05) val_loss=301.3  6.1s
[beta=4.0 seed=1] epoch 9: train_loss=320.3 (recon 264.1, kl 14.04) val_loss=296.3  6.2s
[beta=4.0 seed=1] epoch 10: train_loss=319.5 (recon 263.3, kl 14.06) val_loss=293.1  6.0s
[beta=4.0 seed=1] epoch 11: train_loss=317.8 (recon 261.9, kl 13.95) val_loss=301.9  6.1s
[beta=4.0 seed=1] epoch 12: train_loss=316.8 (recon 260.9, kl 13.97) val_loss=294.0  6.1s
[beta=4.0 seed=1] epoch 13: train_loss=315.4 (recon 259.7, kl 13.94) val_loss=292.6  6.3s
[beta=4.0 seed=1] epoch 14: train_loss=314.9 (recon 259.0, kl 13.95) val_loss=290.6  6.1s
[beta=4.0 seed=1] epoch 15: train_loss=313.6 (recon 258.0, kl 13.91) val_loss=291.5  6.0s
[beta=4.0 seed=1] epoch 16: train_loss=313.7 (recon 258.0, kl 13.93) val_loss=297.9  5.9s
[beta=4.0 seed=1] epoch 17: train_loss=313.4 (recon 257.8, kl 13.91) val_loss=290.5  5.9s
[beta=4.0 seed=1] epoch 18: train_loss=312.1 (recon 256.4, kl 13.93) val_loss=289.6  6.1s
[beta=4.0 seed=1] epoch 19: train_loss=311.3 (recon 255.7, kl 13.89) val_loss=289.4  6.1s
[beta=4.0 seed=1] epoch 20: train_loss=310.2 (recon 254.8, kl 13.85) val_loss=287.7  6.1s
[beta=4.0 seed=1] epoch 21: train_loss=309.7 (recon 254.3, kl 13.84) val_loss=288.6  6.1s
[beta=4.0 seed=1] epoch 22: train_loss=309.7 (recon 254.1, kl 13.88) val_loss=289.2  6.0s
[beta=4.0 seed=1] epoch 23: train_loss=309.5 (recon 254.1, kl 13.87) val_loss=290.3  6.2s
[beta=4.0 seed=1] epoch 24: train_loss=309.1 (recon 253.7, kl 13.85) val_loss=291.1  6.2s
[beta=4.0 seed=1] epoch 25: train_loss=308.5 (recon 253.2, kl 13.84) val_loss=290.3  6.0s
[beta=4.0 seed=1] epoch 26: train_loss=308.5 (recon 253.0, kl 13.88) val_loss=290.6  5.9s
[beta=4.0 seed=1] epoch 27: train_loss=308.3 (recon 253.0, kl 13.83) val_loss=288.7  6.0s
[beta=4.0 seed=1] epoch 28: train_loss=307.3 (recon 251.8, kl 13.89) val_loss=286.7  5.9s
[beta=4.0 seed=1] epoch 29: train_loss=307.7 (recon 252.3, kl 13.84) val_loss=289.1  6.1s
saved /workspace/fantasy_maps/results/checkpoints/beta4.0_seed1_128px.pt
=== training beta=4 seed=2 ===
[beta=4.0 seed=2] epoch 0: train_loss=3756477.0 (recon 483.3, kl 938998.46) val_loss=357.4  192.2s
[beta=4.0 seed=2] epoch 1: train_loss=362.6 (recon 312.3, kl 12.56) val_loss=355.6  5.9s
[beta=4.0 seed=2] epoch 2: train_loss=350.2 (recon 298.4, kl 12.96) val_loss=330.4  5.9s
[beta=4.0 seed=2] epoch 3: train_loss=344.0 (recon 291.6, kl 13.08) val_loss=323.6  5.9s
[beta=4.0 seed=2] epoch 4: train_loss=340.6 (recon 287.7, kl 13.22) val_loss=319.6  6.1s
[beta=4.0 seed=2] epoch 5: train_loss=338.0 (recon 285.0, kl 13.26) val_loss=323.5  5.8s
[beta=4.0 seed=2] epoch 6: train_loss=336.6 (recon 283.4, kl 13.31) val_loss=314.4  5.9s
[beta=4.0 seed=2] epoch 7: train_loss=334.5 (recon 281.0, kl 13.39) val_loss=316.5  6.1s
[beta=4.0 seed=2] epoch 8: train_loss=332.9 (recon 279.5, kl 13.34) val_loss=318.0  6.1s
[beta=4.0 seed=2] epoch 9: train_loss=332.4 (recon 278.7, kl 13.43) val_loss=310.3  5.9s
[beta=4.0 seed=2] epoch 10: train_loss=331.0 (recon 277.4, kl 13.39) val_loss=313.4  6.0s
[beta=4.0 seed=2] epoch 11: train_loss=330.2 (recon 276.4, kl 13.46) val_loss=314.3  6.2s
[beta=4.0 seed=2] epoch 12: train_loss=329.4 (recon 275.4, kl 13.51) val_loss=308.1  6.2s
[beta=4.0 seed=2] epoch 13: train_loss=328.9 (recon 274.6, kl 13.58) val_loss=308.5  6.0s
[beta=4.0 seed=2] epoch 14: train_loss=329.0 (recon 274.3, kl 13.67) val_loss=310.0  6.2s
[beta=4.0 seed=2] epoch 15: train_loss=328.1 (recon 273.8, kl 13.58) val_loss=316.5  6.1s
[beta=4.0 seed=2] epoch 16: train_loss=327.1 (recon 272.5, kl 13.64) val_loss=316.4  6.3s
[beta=4.0 seed=2] epoch 17: train_loss=326.8 (recon 272.1, kl 13.69) val_loss=313.3  6.2s
[beta=4.0 seed=2] epoch 18: train_loss=327.1 (recon 272.0, kl 13.79) val_loss=309.6  6.0s
[beta=4.0 seed=2] epoch 19: train_loss=325.9 (recon 271.3, kl 13.65) val_loss=306.9  6.1s
[beta=4.0 seed=2] epoch 20: train_loss=325.1 (recon 270.6, kl 13.64) val_loss=306.7  5.9s
[beta=4.0 seed=2] epoch 21: train_loss=325.0 (recon 270.4, kl 13.65) val_loss=309.9  5.9s
[beta=4.0 seed=2] epoch 22: train_loss=324.9 (recon 269.9, kl 13.75) val_loss=306.9  6.1s
[beta=4.0 seed=2] epoch 23: train_loss=323.5 (recon 268.9, kl 13.66) val_loss=305.5  6.0s
[beta=4.0 seed=2] epoch 24: train_loss=323.2 (recon 268.5, kl 13.69) val_loss=304.5  5.8s
[beta=4.0 seed=2] epoch 25: train_loss=323.5 (recon 268.3, kl 13.79) val_loss=306.1  5.9s
[beta=4.0 seed=2] epoch 26: train_loss=322.6 (recon 267.7, kl 13.73) val_loss=304.0  6.2s
[beta=4.0 seed=2] epoch 27: train_loss=323.2 (recon 268.0, kl 13.81) val_loss=310.9  6.0s
[beta=4.0 seed=2] epoch 28: train_loss=323.8 (recon 267.9, kl 13.96) val_loss=309.2  6.1s
[beta=4.0 seed=2] epoch 29: train_loss=321.7 (recon 266.7, kl 13.75) val_loss=306.7  6.0s
saved /workspace/fantasy_maps/results/checkpoints/beta4.0_seed2_128px.pt
=== training beta=8 seed=0 ===
[beta=8.0 seed=0] epoch 0: train_loss=512.7 (recon 454.6, kl 7.27) val_loss=384.4  192.1s
[beta=8.0 seed=0] epoch 1: train_loss=391.6 (recon 328.4, kl 7.90) val_loss=350.4  6.0s
[beta=8.0 seed=0] epoch 2: train_loss=380.7 (recon 317.0, kl 7.96) val_loss=346.7  6.1s
[beta=8.0 seed=0] epoch 3: train_loss=373.4 (recon 309.7, kl 7.97) val_loss=341.2  6.0s
[beta=8.0 seed=0] epoch 4: train_loss=370.2 (recon 305.8, kl 8.06) val_loss=337.5  5.9s
[beta=8.0 seed=0] epoch 5: train_loss=366.5 (recon 302.3, kl 8.03) val_loss=337.2  6.0s
[beta=8.0 seed=0] epoch 6: train_loss=365.3 (recon 301.1, kl 8.03) val_loss=338.2  6.1s
[beta=8.0 seed=0] epoch 7: train_loss=363.4 (recon 299.1, kl 8.04) val_loss=333.8  6.0s
[beta=8.0 seed=0] epoch 8: train_loss=362.9 (recon 298.3, kl 8.07) val_loss=329.5  6.1s
[beta=8.0 seed=0] epoch 9: train_loss=360.3 (recon 296.2, kl 8.01) val_loss=332.7  6.0s
[beta=8.0 seed=0] epoch 10: train_loss=359.8 (recon 295.6, kl 8.02) val_loss=332.0  6.2s
[beta=8.0 seed=0] epoch 11: train_loss=358.2 (recon 294.3, kl 7.99) val_loss=330.9  6.1s
[beta=8.0 seed=0] epoch 12: train_loss=357.8 (recon 294.0, kl 7.98) val_loss=330.1  6.0s
[beta=8.0 seed=0] epoch 13: train_loss=357.2 (recon 293.1, kl 8.01) val_loss=327.3  6.1s
[beta=8.0 seed=0] epoch 14: train_loss=356.6 (recon 292.4, kl 8.02) val_loss=327.9  5.9s
[beta=8.0 seed=0] epoch 15: train_loss=355.3 (recon 291.1, kl 8.02) val_loss=326.5  6.0s
[beta=8.0 seed=0] epoch 16: train_loss=354.8 (recon 290.8, kl 8.00) val_loss=328.7  5.8s
[beta=8.0 seed=0] epoch 17: train_loss=354.2 (recon 290.1, kl 8.02) val_loss=329.2  5.9s
[beta=8.0 seed=0] epoch 18: train_loss=352.9 (recon 289.1, kl 7.98) val_loss=326.4  6.0s
[beta=8.0 seed=0] epoch 19: train_loss=352.4 (recon 288.3, kl 8.01) val_loss=324.8  6.0s
[beta=8.0 seed=0] epoch 20: train_loss=352.3 (recon 288.2, kl 8.02) val_loss=328.2  6.0s
[beta=8.0 seed=0] epoch 21: train_loss=352.2 (recon 288.1, kl 8.01) val_loss=323.8  5.8s
[beta=8.0 seed=0] epoch 22: train_loss=351.5 (recon 287.5, kl 8.01) val_loss=328.4  6.0s
[beta=8.0 seed=0] epoch 23: train_loss=350.5 (recon 286.5, kl 8.01) val_loss=327.3  5.9s
[beta=8.0 seed=0] epoch 24: train_loss=350.8 (recon 286.7, kl 8.01) val_loss=323.9  6.1s
[beta=8.0 seed=0] epoch 25: train_loss=350.1 (recon 286.1, kl 8.01) val_loss=325.3  6.2s
[beta=8.0 seed=0] epoch 26: train_loss=350.0 (recon 285.9, kl 8.02) val_loss=325.0  5.9s
[beta=8.0 seed=0] epoch 27: train_loss=349.6 (recon 285.5, kl 8.02) val_loss=323.2  6.0s
[beta=8.0 seed=0] epoch 28: train_loss=349.2 (recon 285.2, kl 8.00) val_loss=325.8  5.8s
[beta=8.0 seed=0] epoch 29: train_loss=349.5 (recon 285.2, kl 8.04) val_loss=321.8  6.2s
saved /workspace/fantasy_maps/results/checkpoints/beta8.0_seed0_128px.pt
=== training beta=8 seed=1 ===
[beta=8.0 seed=1] epoch 0: train_loss=520.5 (recon 461.0, kl 7.43) val_loss=375.4  195.0s
[beta=8.0 seed=1] epoch 1: train_loss=392.6 (recon 329.4, kl 7.90) val_loss=359.5  6.0s
[beta=8.0 seed=1] epoch 2: train_loss=379.9 (recon 315.8, kl 8.01) val_loss=353.6  5.9s
[beta=8.0 seed=1] epoch 3: train_loss=374.3 (recon 309.8, kl 8.06) val_loss=339.1  6.2s
[beta=8.0 seed=1] epoch 4: train_loss=370.7 (recon 305.8, kl 8.10) val_loss=339.4  6.1s
[beta=8.0 seed=1] epoch 5: train_loss=367.8 (recon 302.9, kl 8.11) val_loss=341.2  6.0s
[beta=8.0 seed=1] epoch 6: train_loss=366.3 (recon 301.1, kl 8.14) val_loss=335.1  5.9s
[beta=8.0 seed=1] epoch 7: train_loss=364.7 (recon 300.0, kl 8.08) val_loss=337.0  6.0s
[beta=8.0 seed=1] epoch 8: train_loss=362.2 (recon 297.6, kl 8.07) val_loss=330.4  5.8s
[beta=8.0 seed=1] epoch 9: train_loss=361.2 (recon 296.3, kl 8.10) val_loss=335.3  5.9s
[beta=8.0 seed=1] epoch 10: train_loss=360.5 (recon 295.5, kl 8.12) val_loss=327.8  5.8s
[beta=8.0 seed=1] epoch 11: train_loss=358.9 (recon 294.2, kl 8.09) val_loss=338.0  6.0s
[beta=8.0 seed=1] epoch 12: train_loss=358.1 (recon 293.4, kl 8.09) val_loss=329.3  5.8s
[beta=8.0 seed=1] epoch 13: train_loss=357.0 (recon 292.4, kl 8.07) val_loss=329.4  6.0s
[beta=8.0 seed=1] epoch 14: train_loss=357.0 (recon 292.1, kl 8.12) val_loss=328.3  5.7s
[beta=8.0 seed=1] epoch 15: train_loss=355.4 (recon 290.7, kl 8.08) val_loss=333.1  5.9s
[beta=8.0 seed=1] epoch 16: train_loss=355.5 (recon 290.6, kl 8.12) val_loss=327.7  5.7s
[beta=8.0 seed=1] epoch 17: train_loss=354.8 (recon 290.2, kl 8.08) val_loss=326.9  6.0s
[beta=8.0 seed=1] epoch 18: train_loss=353.6 (recon 289.1, kl 8.07) val_loss=326.3  6.0s
[beta=8.0 seed=1] epoch 19: train_loss=353.2 (recon 288.7, kl 8.07) val_loss=325.3  5.9s
[beta=8.0 seed=1] epoch 20: train_loss=352.3 (recon 287.9, kl 8.05) val_loss=322.9  5.9s
[beta=8.0 seed=1] epoch 21: train_loss=352.1 (recon 287.3, kl 8.10) val_loss=324.7  6.1s
[beta=8.0 seed=1] epoch 22: train_loss=351.9 (recon 287.4, kl 8.07) val_loss=324.4  6.0s
[beta=8.0 seed=1] epoch 23: train_loss=351.9 (recon 287.2, kl 8.08) val_loss=327.4  6.0s
[beta=8.0 seed=1] epoch 24: train_loss=351.2 (recon 286.5, kl 8.10) val_loss=329.4  6.1s
[beta=8.0 seed=1] epoch 25: train_loss=351.1 (recon 286.5, kl 8.07) val_loss=332.3  6.2s
[beta=8.0 seed=1] epoch 26: train_loss=350.6 (recon 286.2, kl 8.06) val_loss=325.0  6.3s
[beta=8.0 seed=1] epoch 27: train_loss=350.0 (recon 285.4, kl 8.07) val_loss=321.5  6.0s
[beta=8.0 seed=1] epoch 28: train_loss=349.2 (recon 284.7, kl 8.06) val_loss=323.7  5.9s
[beta=8.0 seed=1] epoch 29: train_loss=349.6 (recon 285.3, kl 8.04) val_loss=326.8  6.1s
saved /workspace/fantasy_maps/results/checkpoints/beta8.0_seed1_128px.pt
=== training beta=8 seed=2 ===
[beta=8.0 seed=2] epoch 0: train_loss=548.8 (recon 487.4, kl 7.68) val_loss=393.5  195.7s
[beta=8.0 seed=2] epoch 1: train_loss=394.7 (recon 330.3, kl 8.04) val_loss=365.7  6.1s
[beta=8.0 seed=2] epoch 2: train_loss=383.0 (recon 318.1, kl 8.11) val_loss=356.9  6.2s
[beta=8.0 seed=2] epoch 3: train_loss=376.0 (recon 310.7, kl 8.16) val_loss=341.1  6.1s
[beta=8.0 seed=2] epoch 4: train_loss=371.7 (recon 306.6, kl 8.14) val_loss=339.0  6.1s
[beta=8.0 seed=2] epoch 5: train_loss=369.7 (recon 304.5, kl 8.16) val_loss=338.7  6.1s
[beta=8.0 seed=2] epoch 6: train_loss=367.3 (recon 302.1, kl 8.14) val_loss=332.6  6.2s
[beta=8.0 seed=2] epoch 7: train_loss=364.7 (recon 299.7, kl 8.13) val_loss=341.7  6.2s
[beta=8.0 seed=2] epoch 8: train_loss=363.4 (recon 298.5, kl 8.12) val_loss=330.3  6.0s
[beta=8.0 seed=2] epoch 9: train_loss=363.0 (recon 298.1, kl 8.11) val_loss=336.4  6.1s
[beta=8.0 seed=2] epoch 10: train_loss=361.1 (recon 296.6, kl 8.07) val_loss=332.3  6.0s
[beta=8.0 seed=2] epoch 11: train_loss=360.1 (recon 295.3, kl 8.10) val_loss=337.8  6.2s
[beta=8.0 seed=2] epoch 12: train_loss=358.6 (recon 293.9, kl 8.08) val_loss=330.9  6.1s
[beta=8.0 seed=2] epoch 13: train_loss=357.8 (recon 293.0, kl 8.11) val_loss=326.9  6.2s
[beta=8.0 seed=2] epoch 14: train_loss=357.3 (recon 292.9, kl 8.05) val_loss=330.7  6.0s
[beta=8.0 seed=2] epoch 15: train_loss=356.1 (recon 291.4, kl 8.08) val_loss=331.9  6.0s
[beta=8.0 seed=2] epoch 16: train_loss=355.1 (recon 290.6, kl 8.07) val_loss=329.4  5.9s
[beta=8.0 seed=2] epoch 17: train_loss=355.4 (recon 290.8, kl 8.08) val_loss=327.6  6.1s
[beta=8.0 seed=2] epoch 18: train_loss=354.8 (recon 290.4, kl 8.05) val_loss=324.6  6.1s
[beta=8.0 seed=2] epoch 19: train_loss=353.7 (recon 289.5, kl 8.03) val_loss=329.3  6.3s
[beta=8.0 seed=2] epoch 20: train_loss=353.2 (recon 288.9, kl 8.03) val_loss=324.7  6.1s
[beta=8.0 seed=2] epoch 21: train_loss=352.2 (recon 287.9, kl 8.04) val_loss=325.6  6.0s
[beta=8.0 seed=2] epoch 22: train_loss=352.7 (recon 288.4, kl 8.04) val_loss=326.1  5.7s
[beta=8.0 seed=2] epoch 23: train_loss=351.6 (recon 287.3, kl 8.03) val_loss=322.9  5.9s
[beta=8.0 seed=2] epoch 24: train_loss=351.2 (recon 287.1, kl 8.01) val_loss=328.5  6.1s
[beta=8.0 seed=2] epoch 25: train_loss=351.1 (recon 287.0, kl 8.01) val_loss=326.0  5.9s
[beta=8.0 seed=2] epoch 26: train_loss=350.5 (recon 286.3, kl 8.03) val_loss=325.4  5.8s
[beta=8.0 seed=2] epoch 27: train_loss=350.2 (recon 285.9, kl 8.04) val_loss=321.6  5.7s
[beta=8.0 seed=2] epoch 28: train_loss=349.9 (recon 285.8, kl 8.01) val_loss=323.4  6.2s
[beta=8.0 seed=2] epoch 29: train_loss=349.7 (recon 285.5, kl 8.02) val_loss=324.7  6.1s
saved /workspace/fantasy_maps/results/checkpoints/beta8.0_seed2_128px.pt
=== fitting PCA baseline ===
SWEEP COMPLETE Sat Jul 18 13:50:13 UTC 2026
DONE_EXIT_0
